Linked: (/home/rosario/Desktop/tesi/tesi_repo/devel/.private/tracking_pid/share/gennodejs/ros/tracking_pid/_index.js, /home/rosario/Desktop/tesi/tesi_repo/devel/share/gennodejs/ros/tracking_pid/_index.js)
Linked: (/home/rosario/Desktop/tesi/tesi_repo/devel/.private/tracking_pid/share/gennodejs/ros/tracking_pid/msg/FollowPathActionResult.js, /home/rosario/Desktop/tesi/tesi_repo/devel/share/gennodejs/ros/tracking_pid/msg/FollowPathActionResult.js)
Linked: (/home/rosario/Desktop/tesi/tesi_repo/devel/.private/tracking_pid/share/gennodejs/ros/tracking_pid/msg/trajectory.js, /home/rosario/Desktop/tesi/tesi_repo/devel/share/gennodejs/ros/tracking_pid/msg/trajectory.js)
Linked: (/home/rosario/Desktop/tesi/tesi_repo/devel/.private/tracking_pid/share/gennodejs/ros/tracking_pid/msg/FollowPathActionFeedback.js, /home/rosario/Desktop/tesi/tesi_repo/devel/share/gennodejs/ros/tracking_pid/msg/FollowPathActionFeedback.js)
Linked: (/home/rosario/Desktop/tesi/tesi_repo/devel/.private/tracking_pid/share/gennodejs/ros/tracking_pid/msg/FollowPathFeedback.js, /home/rosario/Desktop/tesi/tesi_repo/devel/share/gennodejs/ros/tracking_pid/msg/FollowPathFeedback.js)
Linked: (/home/rosario/Desktop/tesi/tesi_repo/devel/.private/tracking_pid/share/gennodejs/ros/tracking_pid/msg/_index.js, /home/rosario/Desktop/tesi/tesi_repo/devel/share/gennodejs/ros/tracking_pid/msg/_index.js)
Linked: (/home/rosario/Desktop/tesi/tesi_repo/devel/.private/tracking_pid/share/gennodejs/ros/tracking_pid/msg/FollowPathAction.js, /home/rosario/Desktop/tesi/tesi_repo/devel/share/gennodejs/ros/tracking_pid/msg/FollowPathAction.js)
Linked: (/home/rosario/Desktop/tesi/tesi_repo/devel/.private/tracking_pid/share/gennodejs/ros/tracking_pid/msg/FollowPathActionGoal.js, /home/rosario/Desktop/tesi/tesi_repo/devel/share/gennodejs/ros/tracking_pid/msg/FollowPathActionGoal.js)
Linked: (/home/rosario/Desktop/tesi/tesi_repo/devel/.private/tracking_pid/share/gennodejs/ros/tracking_pid/msg/FollowPathResult.js, /home/rosario/Desktop/tesi/tesi_repo/devel/share/gennodejs/ros/tracking_pid/msg/FollowPathResult.js)
Linked: (/home/rosario/Desktop/tesi/tesi_repo/devel/.private/tracking_pid/share/gennodejs/ros/tracking_pid/msg/PidDebug.js, /home/rosario/Desktop/tesi/tesi_repo/devel/share/gennodejs/ros/tracking_pid/msg/PidDebug.js)
Linked: (/home/rosario/Desktop/tesi/tesi_repo/devel/.private/tracking_pid/share/gennodejs/ros/tracking_pid/msg/FollowPathGoal.js, /home/rosario/Desktop/tesi/tesi_repo/devel/share/gennodejs/ros/tracking_pid/msg/FollowPathGoal.js)
Linked: (/home/rosario/Desktop/tesi/tesi_repo/devel/.private/tracking_pid/share/gennodejs/ros/tracking_pid/msg/traj_point.js, /home/rosario/Desktop/tesi/tesi_repo/devel/share/gennodejs/ros/tracking_pid/msg/traj_point.js)
Linked: (/home/rosario/Desktop/tesi/tesi_repo/devel/.private/tracking_pid/share/roseus/ros/tracking_pid/manifest.l, /home/rosario/Desktop/tesi/tesi_repo/devel/share/roseus/ros/tracking_pid/manifest.l)
Linked: (/home/rosario/Desktop/tesi/tesi_repo/devel/.private/tracking_pid/share/roseus/ros/tracking_pid/msg/FollowPathResult.l, /home/rosario/Desktop/tesi/tesi_repo/devel/share/roseus/ros/tracking_pid/msg/FollowPathResult.l)
Linked: (/home/rosario/Desktop/tesi/tesi_repo/devel/.private/tracking_pid/share/roseus/ros/tracking_pid/msg/FollowPathGoal.l, /home/rosario/Desktop/tesi/tesi_repo/devel/share/roseus/ros/tracking_pid/msg/FollowPathGoal.l)
Linked: (/home/rosario/Desktop/tesi/tesi_repo/devel/.private/tracking_pid/share/roseus/ros/tracking_pid/msg/FollowPathFeedback.l, /home/rosario/Desktop/tesi/tesi_repo/devel/share/roseus/ros/tracking_pid/msg/FollowPathFeedback.l)
Linked: (/home/rosario/Desktop/tesi/tesi_repo/devel/.private/tracking_pid/share/roseus/ros/tracking_pid/msg/FollowPathActionGoal.l, /home/rosario/Desktop/tesi/tesi_repo/devel/share/roseus/ros/tracking_pid/msg/FollowPathActionGoal.l)
Linked: (/home/rosario/Desktop/tesi/tesi_repo/devel/.private/tracking_pid/share/roseus/ros/tracking_pid/msg/FollowPathActionFeedback.l, /home/rosario/Desktop/tesi/tesi_repo/devel/share/roseus/ros/tracking_pid/msg/FollowPathActionFeedback.l)
Linked: (/home/rosario/Desktop/tesi/tesi_repo/devel/.private/tracking_pid/share/roseus/ros/tracking_pid/msg/FollowPathAction.l, /home/rosario/Desktop/tesi/tesi_repo/devel/share/roseus/ros/tracking_pid/msg/FollowPathAction.l)
Linked: (/home/rosario/Desktop/tesi/tesi_repo/devel/.private/tracking_pid/share/roseus/ros/tracking_pid/msg/traj_point.l, /home/rosario/Desktop/tesi/tesi_repo/devel/share/roseus/ros/tracking_pid/msg/traj_point.l)
Linked: (/home/rosario/Desktop/tesi/tesi_repo/devel/.private/tracking_pid/share/roseus/ros/tracking_pid/msg/FollowPathActionResult.l, /home/rosario/Desktop/tesi/tesi_repo/devel/share/roseus/ros/tracking_pid/msg/FollowPathActionResult.l)
Linked: (/home/rosario/Desktop/tesi/tesi_repo/devel/.private/tracking_pid/share/roseus/ros/tracking_pid/msg/PidDebug.l, /home/rosario/Desktop/tesi/tesi_repo/devel/share/roseus/ros/tracking_pid/msg/PidDebug.l)
Linked: (/home/rosario/Desktop/tesi/tesi_repo/devel/.private/tracking_pid/share/roseus/ros/tracking_pid/msg/trajectory.l, /home/rosario/Desktop/tesi/tesi_repo/devel/share/roseus/ros/tracking_pid/msg/trajectory.l)
Linked: (/home/rosario/Desktop/tesi/tesi_repo/devel/.private/tracking_pid/share/tracking_pid/docs/PidConfig.wikidoc, /home/rosario/Desktop/tesi/tesi_repo/devel/share/tracking_pid/docs/PidConfig.wikidoc)
Linked: (/home/rosario/Desktop/tesi/tesi_repo/devel/.private/tracking_pid/share/tracking_pid/docs/TargetVelocityConfig.wikidoc, /home/rosario/Desktop/tesi/tesi_repo/devel/share/tracking_pid/docs/TargetVelocityConfig.wikidoc)
Linked: (/home/rosario/Desktop/tesi/tesi_repo/devel/.private/tracking_pid/share/tracking_pid/docs/PidConfig.dox, /home/rosario/Desktop/tesi/tesi_repo/devel/share/tracking_pid/docs/PidConfig.dox)
Linked: (/home/rosario/Desktop/tesi/tesi_repo/devel/.private/tracking_pid/share/tracking_pid/docs/TargetVelocityConfig-usage.dox, /home/rosario/Desktop/tesi/tesi_repo/devel/share/tracking_pid/docs/TargetVelocityConfig-usage.dox)
Linked: (/home/rosario/Desktop/tesi/tesi_repo/devel/.private/tracking_pid/share/tracking_pid/docs/PidConfig-usage.dox, /home/rosario/Desktop/tesi/tesi_repo/devel/share/tracking_pid/docs/PidConfig-usage.dox)
Linked: (/home/rosario/Desktop/tesi/tesi_repo/devel/.private/tracking_pid/share/tracking_pid/docs/TargetVelocityConfig.dox, /home/rosario/Desktop/tesi/tesi_repo/devel/share/tracking_pid/docs/TargetVelocityConfig.dox)
Linked: (/home/rosario/Desktop/tesi/tesi_repo/devel/.private/tracking_pid/share/tracking_pid/cmake/tracking_pidConfig-version.cmake, /home/rosario/Desktop/tesi/tesi_repo/devel/share/tracking_pid/cmake/tracking_pidConfig-version.cmake)
Linked: (/home/rosario/Desktop/tesi/tesi_repo/devel/.private/tracking_pid/share/tracking_pid/cmake/tracking_pid-msg-extras.cmake, /home/rosario/Desktop/tesi/tesi_repo/devel/share/tracking_pid/cmake/tracking_pid-msg-extras.cmake)
Linked: (/home/rosario/Desktop/tesi/tesi_repo/devel/.private/tracking_pid/share/tracking_pid/cmake/tracking_pid-msg-paths.cmake, /home/rosario/Desktop/tesi/tesi_repo/devel/share/tracking_pid/cmake/tracking_pid-msg-paths.cmake)
Linked: (/home/rosario/Desktop/tesi/tesi_repo/devel/.private/tracking_pid/share/tracking_pid/cmake/tracking_pidConfig.cmake, /home/rosario/Desktop/tesi/tesi_repo/devel/share/tracking_pid/cmake/tracking_pidConfig.cmake)
Linked: (/home/rosario/Desktop/tesi/tesi_repo/devel/.private/tracking_pid/share/tracking_pid/msg/FollowPathResult.msg, /home/rosario/Desktop/tesi/tesi_repo/devel/share/tracking_pid/msg/FollowPathResult.msg)
Linked: (/home/rosario/Desktop/tesi/tesi_repo/devel/.private/tracking_pid/share/tracking_pid/msg/FollowPathActionGoal.msg, /home/rosario/Desktop/tesi/tesi_repo/devel/share/tracking_pid/msg/FollowPathActionGoal.msg)
Linked: (/home/rosario/Desktop/tesi/tesi_repo/devel/.private/tracking_pid/share/tracking_pid/msg/FollowPathFeedback.msg, /home/rosario/Desktop/tesi/tesi_repo/devel/share/tracking_pid/msg/FollowPathFeedback.msg)
Linked: (/home/rosario/Desktop/tesi/tesi_repo/devel/.private/tracking_pid/share/tracking_pid/msg/FollowPathActionResult.msg, /home/rosario/Desktop/tesi/tesi_repo/devel/share/tracking_pid/msg/FollowPathActionResult.msg)
Linked: (/home/rosario/Desktop/tesi/tesi_repo/devel/.private/tracking_pid/share/tracking_pid/msg/FollowPathGoal.msg, /home/rosario/Desktop/tesi/tesi_repo/devel/share/tracking_pid/msg/FollowPathGoal.msg)
Linked: (/home/rosario/Desktop/tesi/tesi_repo/devel/.private/tracking_pid/share/tracking_pid/msg/FollowPathAction.msg, /home/rosario/Desktop/tesi/tesi_repo/devel/share/tracking_pid/msg/FollowPathAction.msg)
Linked: (/home/rosario/Desktop/tesi/tesi_repo/devel/.private/tracking_pid/share/tracking_pid/msg/FollowPathActionFeedback.msg, /home/rosario/Desktop/tesi/tesi_repo/devel/share/tracking_pid/msg/FollowPathActionFeedback.msg)
Linked: (/home/rosario/Desktop/tesi/tesi_repo/devel/.private/tracking_pid/share/common-lisp/ros/tracking_pid/msg/_package_FollowPathActionResult.lisp, /home/rosario/Desktop/tesi/tesi_repo/devel/share/common-lisp/ros/tracking_pid/msg/_package_FollowPathActionResult.lisp)
Linked: (/home/rosario/Desktop/tesi/tesi_repo/devel/.private/tracking_pid/share/common-lisp/ros/tracking_pid/msg/_package_FollowPathResult.lisp, /home/rosario/Desktop/tesi/tesi_repo/devel/share/common-lisp/ros/tracking_pid/msg/_package_FollowPathResult.lisp)
Linked: (/home/rosario/Desktop/tesi/tesi_repo/devel/.private/tracking_pid/share/common-lisp/ros/tracking_pid/msg/_package_FollowPathAction.lisp, /home/rosario/Desktop/tesi/tesi_repo/devel/share/common-lisp/ros/tracking_pid/msg/_package_FollowPathAction.lisp)
Linked: (/home/rosario/Desktop/tesi/tesi_repo/devel/.private/tracking_pid/share/common-lisp/ros/tracking_pid/msg/_package_FollowPathActionFeedback.lisp, /home/rosario/Desktop/tesi/tesi_repo/devel/share/common-lisp/ros/tracking_pid/msg/_package_FollowPathActionFeedback.lisp)
Linked: (/home/rosario/Desktop/tesi/tesi_repo/devel/.private/tracking_pid/share/common-lisp/ros/tracking_pid/msg/FollowPathActionFeedback.lisp, /home/rosario/Desktop/tesi/tesi_repo/devel/share/common-lisp/ros/tracking_pid/msg/FollowPathActionFeedback.lisp)
Linked: (/home/rosario/Desktop/tesi/tesi_repo/devel/.private/tracking_pid/share/common-lisp/ros/tracking_pid/msg/trajectory.lisp, /home/rosario/Desktop/tesi/tesi_repo/devel/share/common-lisp/ros/tracking_pid/msg/trajectory.lisp)
Linked: (/home/rosario/Desktop/tesi/tesi_repo/devel/.private/tracking_pid/share/common-lisp/ros/tracking_pid/msg/_package_PidDebug.lisp, /home/rosario/Desktop/tesi/tesi_repo/devel/share/common-lisp/ros/tracking_pid/msg/_package_PidDebug.lisp)
Linked: (/home/rosario/Desktop/tesi/tesi_repo/devel/.private/tracking_pid/share/common-lisp/ros/tracking_pid/msg/_package_FollowPathFeedback.lisp, /home/rosario/Desktop/tesi/tesi_repo/devel/share/common-lisp/ros/tracking_pid/msg/_package_FollowPathFeedback.lisp)
Linked: (/home/rosario/Desktop/tesi/tesi_repo/devel/.private/tracking_pid/share/common-lisp/ros/tracking_pid/msg/traj_point.lisp, /home/rosario/Desktop/tesi/tesi_repo/devel/share/common-lisp/ros/tracking_pid/msg/traj_point.lisp)
Linked: (/home/rosario/Desktop/tesi/tesi_repo/devel/.private/tracking_pid/share/common-lisp/ros/tracking_pid/msg/_package_FollowPathGoal.lisp, /home/rosario/Desktop/tesi/tesi_repo/devel/share/common-lisp/ros/tracking_pid/msg/_package_FollowPathGoal.lisp)
Linked: (/home/rosario/Desktop/tesi/tesi_repo/devel/.private/tracking_pid/share/common-lisp/ros/tracking_pid/msg/FollowPathResult.lisp, /home/rosario/Desktop/tesi/tesi_repo/devel/share/common-lisp/ros/tracking_pid/msg/FollowPathResult.lisp)
Linked: (/home/rosario/Desktop/tesi/tesi_repo/devel/.private/tracking_pid/share/common-lisp/ros/tracking_pid/msg/_package.lisp, /home/rosario/Desktop/tesi/tesi_repo/devel/share/common-lisp/ros/tracking_pid/msg/_package.lisp)
Linked: (/home/rosario/Desktop/tesi/tesi_repo/devel/.private/tracking_pid/share/common-lisp/ros/tracking_pid/msg/FollowPathActionResult.lisp, /home/rosario/Desktop/tesi/tesi_repo/devel/share/common-lisp/ros/tracking_pid/msg/FollowPathActionResult.lisp)
Linked: (/home/rosario/Desktop/tesi/tesi_repo/devel/.private/tracking_pid/share/common-lisp/ros/tracking_pid/msg/PidDebug.lisp, /home/rosario/Desktop/tesi/tesi_repo/devel/share/common-lisp/ros/tracking_pid/msg/PidDebug.lisp)
Linked: (/home/rosario/Desktop/tesi/tesi_repo/devel/.private/tracking_pid/share/common-lisp/ros/tracking_pid/msg/FollowPathGoal.lisp, /home/rosario/Desktop/tesi/tesi_repo/devel/share/common-lisp/ros/tracking_pid/msg/FollowPathGoal.lisp)
Linked: (/home/rosario/Desktop/tesi/tesi_repo/devel/.private/tracking_pid/share/common-lisp/ros/tracking_pid/msg/tracking_pid-msg.asd, /home/rosario/Desktop/tesi/tesi_repo/devel/share/common-lisp/ros/tracking_pid/msg/tracking_pid-msg.asd)
Linked: (/home/rosario/Desktop/tesi/tesi_repo/devel/.private/tracking_pid/share/common-lisp/ros/tracking_pid/msg/_package_trajectory.lisp, /home/rosario/Desktop/tesi/tesi_repo/devel/share/common-lisp/ros/tracking_pid/msg/_package_trajectory.lisp)
Linked: (/home/rosario/Desktop/tesi/tesi_repo/devel/.private/tracking_pid/share/common-lisp/ros/tracking_pid/msg/_package_FollowPathActionGoal.lisp, /home/rosario/Desktop/tesi/tesi_repo/devel/share/common-lisp/ros/tracking_pid/msg/_package_FollowPathActionGoal.lisp)
Linked: (/home/rosario/Desktop/tesi/tesi_repo/devel/.private/tracking_pid/share/common-lisp/ros/tracking_pid/msg/FollowPathActionGoal.lisp, /home/rosario/Desktop/tesi/tesi_repo/devel/share/common-lisp/ros/tracking_pid/msg/FollowPathActionGoal.lisp)
Linked: (/home/rosario/Desktop/tesi/tesi_repo/devel/.private/tracking_pid/share/common-lisp/ros/tracking_pid/msg/FollowPathFeedback.lisp, /home/rosario/Desktop/tesi/tesi_repo/devel/share/common-lisp/ros/tracking_pid/msg/FollowPathFeedback.lisp)
Linked: (/home/rosario/Desktop/tesi/tesi_repo/devel/.private/tracking_pid/share/common-lisp/ros/tracking_pid/msg/_package_traj_point.lisp, /home/rosario/Desktop/tesi/tesi_repo/devel/share/common-lisp/ros/tracking_pid/msg/_package_traj_point.lisp)
Linked: (/home/rosario/Desktop/tesi/tesi_repo/devel/.private/tracking_pid/share/common-lisp/ros/tracking_pid/msg/FollowPathAction.lisp, /home/rosario/Desktop/tesi/tesi_repo/devel/share/common-lisp/ros/tracking_pid/msg/FollowPathAction.lisp)
Linked: (/home/rosario/Desktop/tesi/tesi_repo/devel/.private/tracking_pid/include/tracking_pid/FollowPathFeedback.h, /home/rosario/Desktop/tesi/tesi_repo/devel/include/tracking_pid/FollowPathFeedback.h)
Linked: (/home/rosario/Desktop/tesi/tesi_repo/devel/.private/tracking_pid/include/tracking_pid/TargetVelocityConfig.h, /home/rosario/Desktop/tesi/tesi_repo/devel/include/tracking_pid/TargetVelocityConfig.h)
Linked: (/home/rosario/Desktop/tesi/tesi_repo/devel/.private/tracking_pid/include/tracking_pid/FollowPathResult.h, /home/rosario/Desktop/tesi/tesi_repo/devel/include/tracking_pid/FollowPathResult.h)
Linked: (/home/rosario/Desktop/tesi/tesi_repo/devel/.private/tracking_pid/include/tracking_pid/FollowPathAction.h, /home/rosario/Desktop/tesi/tesi_repo/devel/include/tracking_pid/FollowPathAction.h)
Linked: (/home/rosario/Desktop/tesi/tesi_repo/devel/.private/tracking_pid/include/tracking_pid/FollowPathActionGoal.h, /home/rosario/Desktop/tesi/tesi_repo/devel/include/tracking_pid/FollowPathActionGoal.h)
Linked: (/home/rosario/Desktop/tesi/tesi_repo/devel/.private/tracking_pid/include/tracking_pid/traj_point.h, /home/rosario/Desktop/tesi/tesi_repo/devel/include/tracking_pid/traj_point.h)
Linked: (/home/rosario/Desktop/tesi/tesi_repo/devel/.private/tracking_pid/include/tracking_pid/PidDebug.h, /home/rosario/Desktop/tesi/tesi_repo/devel/include/tracking_pid/PidDebug.h)
Linked: (/home/rosario/Desktop/tesi/tesi_repo/devel/.private/tracking_pid/include/tracking_pid/FollowPathGoal.h, /home/rosario/Desktop/tesi/tesi_repo/devel/include/tracking_pid/FollowPathGoal.h)
Linked: (/home/rosario/Desktop/tesi/tesi_repo/devel/.private/tracking_pid/include/tracking_pid/FollowPathActionFeedback.h, /home/rosario/Desktop/tesi/tesi_repo/devel/include/tracking_pid/FollowPathActionFeedback.h)
Linked: (/home/rosario/Desktop/tesi/tesi_repo/devel/.private/tracking_pid/include/tracking_pid/FollowPathActionResult.h, /home/rosario/Desktop/tesi/tesi_repo/devel/include/tracking_pid/FollowPathActionResult.h)
Linked: (/home/rosario/Desktop/tesi/tesi_repo/devel/.private/tracking_pid/include/tracking_pid/trajectory.h, /home/rosario/Desktop/tesi/tesi_repo/devel/include/tracking_pid/trajectory.h)
Linked: (/home/rosario/Desktop/tesi/tesi_repo/devel/.private/tracking_pid/include/tracking_pid/PidConfig.h, /home/rosario/Desktop/tesi/tesi_repo/devel/include/tracking_pid/PidConfig.h)
Linked: (/home/rosario/Desktop/tesi/tesi_repo/devel/.private/tracking_pid/lib/libtracking_pid.so, /home/rosario/Desktop/tesi/tesi_repo/devel/lib/libtracking_pid.so)
Linked: (/home/rosario/Desktop/tesi/tesi_repo/devel/.private/tracking_pid/lib/pkgconfig/tracking_pid.pc, /home/rosario/Desktop/tesi/tesi_repo/devel/lib/pkgconfig/tracking_pid.pc)
Linked: (/home/rosario/Desktop/tesi/tesi_repo/devel/.private/tracking_pid/lib/python3/dist-packages/tracking_pid/__init__.py, /home/rosario/Desktop/tesi/tesi_repo/devel/lib/python3/dist-packages/tracking_pid/__init__.py)
Linked: (/home/rosario/Desktop/tesi/tesi_repo/devel/.private/tracking_pid/lib/python3/dist-packages/tracking_pid/cfg/__init__.py, /home/rosario/Desktop/tesi/tesi_repo/devel/lib/python3/dist-packages/tracking_pid/cfg/__init__.py)
Linked: (/home/rosario/Desktop/tesi/tesi_repo/devel/.private/tracking_pid/lib/python3/dist-packages/tracking_pid/cfg/PidConfig.py, /home/rosario/Desktop/tesi/tesi_repo/devel/lib/python3/dist-packages/tracking_pid/cfg/PidConfig.py)
Linked: (/home/rosario/Desktop/tesi/tesi_repo/devel/.private/tracking_pid/lib/python3/dist-packages/tracking_pid/cfg/TargetVelocityConfig.py, /home/rosario/Desktop/tesi/tesi_repo/devel/lib/python3/dist-packages/tracking_pid/cfg/TargetVelocityConfig.py)
Linked: (/home/rosario/Desktop/tesi/tesi_repo/devel/.private/tracking_pid/lib/python3/dist-packages/tracking_pid/msg/_FollowPathResult.py, /home/rosario/Desktop/tesi/tesi_repo/devel/lib/python3/dist-packages/tracking_pid/msg/_FollowPathResult.py)
Linked: (/home/rosario/Desktop/tesi/tesi_repo/devel/.private/tracking_pid/lib/python3/dist-packages/tracking_pid/msg/__init__.py, /home/rosario/Desktop/tesi/tesi_repo/devel/lib/python3/dist-packages/tracking_pid/msg/__init__.py)
Linked: (/home/rosario/Desktop/tesi/tesi_repo/devel/.private/tracking_pid/lib/python3/dist-packages/tracking_pid/msg/_trajectory.py, /home/rosario/Desktop/tesi/tesi_repo/devel/lib/python3/dist-packages/tracking_pid/msg/_trajectory.py)
Linked: (/home/rosario/Desktop/tesi/tesi_repo/devel/.private/tracking_pid/lib/python3/dist-packages/tracking_pid/msg/_FollowPathAction.py, /home/rosario/Desktop/tesi/tesi_repo/devel/lib/python3/dist-packages/tracking_pid/msg/_FollowPathAction.py)
Linked: (/home/rosario/Desktop/tesi/tesi_repo/devel/.private/tracking_pid/lib/python3/dist-packages/tracking_pid/msg/_FollowPathFeedback.py, /home/rosario/Desktop/tesi/tesi_repo/devel/lib/python3/dist-packages/tracking_pid/msg/_FollowPathFeedback.py)
Linked: (/home/rosario/Desktop/tesi/tesi_repo/devel/.private/tracking_pid/lib/python3/dist-packages/tracking_pid/msg/_traj_point.py, /home/rosario/Desktop/tesi/tesi_repo/devel/lib/python3/dist-packages/tracking_pid/msg/_traj_point.py)
Linked: (/home/rosario/Desktop/tesi/tesi_repo/devel/.private/tracking_pid/lib/python3/dist-packages/tracking_pid/msg/_FollowPathActionGoal.py, /home/rosario/Desktop/tesi/tesi_repo/devel/lib/python3/dist-packages/tracking_pid/msg/_FollowPathActionGoal.py)
Linked: (/home/rosario/Desktop/tesi/tesi_repo/devel/.private/tracking_pid/lib/python3/dist-packages/tracking_pid/msg/_FollowPathGoal.py, /home/rosario/Desktop/tesi/tesi_repo/devel/lib/python3/dist-packages/tracking_pid/msg/_FollowPathGoal.py)
Linked: (/home/rosario/Desktop/tesi/tesi_repo/devel/.private/tracking_pid/lib/python3/dist-packages/tracking_pid/msg/_FollowPathActionFeedback.py, /home/rosario/Desktop/tesi/tesi_repo/devel/lib/python3/dist-packages/tracking_pid/msg/_FollowPathActionFeedback.py)
Linked: (/home/rosario/Desktop/tesi/tesi_repo/devel/.private/tracking_pid/lib/python3/dist-packages/tracking_pid/msg/_PidDebug.py, /home/rosario/Desktop/tesi/tesi_repo/devel/lib/python3/dist-packages/tracking_pid/msg/_PidDebug.py)
Linked: (/home/rosario/Desktop/tesi/tesi_repo/devel/.private/tracking_pid/lib/python3/dist-packages/tracking_pid/msg/_FollowPathActionResult.py, /home/rosario/Desktop/tesi/tesi_repo/devel/lib/python3/dist-packages/tracking_pid/msg/_FollowPathActionResult.py)
Linked: (/home/rosario/Desktop/tesi/tesi_repo/devel/.private/tracking_pid/lib/tracking_pid/path_interpolator, /home/rosario/Desktop/tesi/tesi_repo/devel/lib/tracking_pid/path_interpolator)
Linked: (/home/rosario/Desktop/tesi/tesi_repo/devel/.private/tracking_pid/lib/tracking_pid/controller, /home/rosario/Desktop/tesi/tesi_repo/devel/lib/tracking_pid/controller)
Linked: (/home/rosario/Desktop/tesi/tesi_repo/devel/.private/tracking_pid/lib/tracking_pid/cmake.lock, /home/rosario/Desktop/tesi/tesi_repo/devel/lib/tracking_pid/cmake.lock)
