[01m[K/home/rosario/Desktop/tesi/tesi_repo/src/traj_controller/src/controller.cpp:[m[K In function ‘[01m[Kgeometry_msgs::Twist computeVel(geometry_msgs::Point_<std::allocator<void> >::ConstPtr&, geometry_msgs::Point_<std::allocator<void> >::ConstPtr&, geometry_msgs::Point_<std::allocator<void> >::ConstPtr&)[m[K’:
[01m[K/home/rosario/Desktop/tesi/tesi_repo/src/traj_controller/src/controller.cpp:30:2:[m[K [01;31m[Kerror: [m[K‘[01m[Ktheta[m[K’ was not declared in this scope
   30 |  [01;31m[Ktheta[m[K=B.z;
      |  [01;31m[K^~~~~[m[K
[01m[K/home/rosario/Desktop/tesi/tesi_repo/src/traj_controller/src/controller.cpp:30:10:[m[K [01;31m[Kerror: [m[K‘[01m[Kgeometry_msgs::Point_<std::allocator<void> >::ConstPtr[m[K’ {aka ‘[01m[Kclass boost::shared_ptr<const geometry_msgs::Point_<std::allocator<void> > >[m[K’} has no member named ‘[01m[Kz[m[K’
   30 |  theta=B.[01;31m[Kz[m[K;
      |          [01;31m[K^[m[K
[01m[K/home/rosario/Desktop/tesi/tesi_repo/src/traj_controller/src/controller.cpp:31:2:[m[K [01;31m[Kerror: [m[K‘[01m[Ky_1_d[m[K’ was not declared in this scope
   31 |  [01;31m[Ky_1_d[m[K=des_B.x;
      |  [01;31m[K^~~~~[m[K
[01m[K/home/rosario/Desktop/tesi/tesi_repo/src/traj_controller/src/controller.cpp:31:8:[m[K [01;31m[Kerror: [m[K‘[01m[Kdes_B[m[K’ was not declared in this scope
   31 |  y_1_d=[01;31m[Kdes_B[m[K.x;
      |        [01;31m[K^~~~~[m[K
[01m[K/home/rosario/Desktop/tesi/tesi_repo/src/traj_controller/src/controller.cpp:32:2:[m[K [01;31m[Kerror: [m[K‘[01m[Ky_2_d[m[K’ was not declared in this scope
   32 |  [01;31m[Ky_2_d[m[K=des_B.y;
      |  [01;31m[K^~~~~[m[K
[01m[K/home/rosario/Desktop/tesi/tesi_repo/src/traj_controller/src/controller.cpp:34:2:[m[K [01;31m[Kerror: [m[K‘[01m[Ky_1[m[K’ was not declared in this scope; did you mean ‘[01m[Ky1[m[K’?
   34 |  [01;31m[Ky_1[m[K=B.x;
      |  [01;31m[K^~~[m[K
      |  [32m[Ky1[m[K
[01m[K/home/rosario/Desktop/tesi/tesi_repo/src/traj_controller/src/controller.cpp:34:8:[m[K [01;31m[Kerror: [m[K‘[01m[Kgeometry_msgs::Point_<std::allocator<void> >::ConstPtr[m[K’ {aka ‘[01m[Kclass boost::shared_ptr<const geometry_msgs::Point_<std::allocator<void> > >[m[K’} has no member named ‘[01m[Kx[m[K’; did you mean ‘[01m[Kboost::shared_ptr<const geometry_msgs::Point_<std::allocator<void> > >::element_type* boost::shared_ptr<const geometry_msgs::Point_<std::allocator<void> > >::px[m[K’? (not accessible from this context)
   34 |  y_1=B.[01;31m[Kx[m[K;
      |        [01;31m[K^[m[K
In file included from [01m[K/usr/include/boost/smart_ptr/shared_array.hpp:24[m[K,
                 from [01m[K/usr/include/boost/shared_array.hpp:17[m[K,
                 from [01m[K/opt/ros/noetic/include/ros/serialized_message.h:33[m[K,
                 from [01m[K/opt/ros/noetic/include/ros/serialization.h:36[m[K,
                 from [01m[K/opt/ros/noetic/include/sensor_msgs/PointCloud.h:14[m[K,
                 from [01m[K/opt/ros/noetic/include/tf/transform_listener.h:35[m[K,
                 from [01m[K/home/rosario/Desktop/tesi/tesi_repo/src/traj_controller/src/controller.cpp:1[m[K:
[01m[K/usr/include/boost/smart_ptr/shared_ptr.hpp:818:20:[m[K [01;36m[Knote: [m[Kdeclared private here
  818 |     element_type * [01;36m[Kpx[m[K;                 // contained pointer
      |                    [01;36m[K^~[m[K
[01m[K/home/rosario/Desktop/tesi/tesi_repo/src/traj_controller/src/controller.cpp:35:2:[m[K [01;31m[Kerror: [m[K‘[01m[Ky_2[m[K’ was not declared in this scope
   35 |  [01;31m[Ky_2[m[K=B.y;
      |  [01;31m[K^~~[m[K
[01m[K/home/rosario/Desktop/tesi/tesi_repo/src/traj_controller/src/controller.cpp:35:8:[m[K [01;31m[Kerror: [m[K‘[01m[Kgeometry_msgs::Point_<std::allocator<void> >::ConstPtr[m[K’ {aka ‘[01m[Kclass boost::shared_ptr<const geometry_msgs::Point_<std::allocator<void> > >[m[K’} has no member named ‘[01m[Ky[m[K’
   35 |  y_2=B.[01;31m[Ky[m[K;
      |        [01;31m[K^[m[K
[01m[K/home/rosario/Desktop/tesi/tesi_repo/src/traj_controller/src/controller.cpp:38:2:[m[K [01;31m[Kerror: [m[K‘[01m[Ku_1[m[K’ was not declared in this scope
   38 |  [01;31m[Ku_1[m[K= 4*(y_1_d -y_1) + (B_des.x-B_des_old.x)/0.001;
      |  [01;31m[K^~~[m[K
[01m[K/home/rosario/Desktop/tesi/tesi_repo/src/traj_controller/src/controller.cpp:38:31:[m[K [01;31m[Kerror: [m[K‘[01m[Kgeometry_msgs::Point_<std::allocator<void> >::ConstPtr[m[K’ {aka ‘[01m[Kclass boost::shared_ptr<const geometry_msgs::Point_<std::allocator<void> > >[m[K’} has no member named ‘[01m[Kx[m[K’; did you mean ‘[01m[Kboost::shared_ptr<const geometry_msgs::Point_<std::allocator<void> > >::element_type* boost::shared_ptr<const geometry_msgs::Point_<std::allocator<void> > >::px[m[K’? (not accessible from this context)
   38 |  u_1= 4*(y_1_d -y_1) + (B_des.[01;31m[Kx[m[K-B_des_old.x)/0.001;
      |                               [01;31m[K^[m[K
In file included from [01m[K/usr/include/boost/smart_ptr/shared_array.hpp:24[m[K,
                 from [01m[K/usr/include/boost/shared_array.hpp:17[m[K,
                 from [01m[K/opt/ros/noetic/include/ros/serialized_message.h:33[m[K,
                 from [01m[K/opt/ros/noetic/include/ros/serialization.h:36[m[K,
                 from [01m[K/opt/ros/noetic/include/sensor_msgs/PointCloud.h:14[m[K,
                 from [01m[K/opt/ros/noetic/include/tf/transform_listener.h:35[m[K,
                 from [01m[K/home/rosario/Desktop/tesi/tesi_repo/src/traj_controller/src/controller.cpp:1[m[K:
[01m[K/usr/include/boost/smart_ptr/shared_ptr.hpp:818:20:[m[K [01;36m[Knote: [m[Kdeclared private here
  818 |     element_type * [01;36m[Kpx[m[K;                 // contained pointer
      |                    [01;36m[K^~[m[K
[01m[K/home/rosario/Desktop/tesi/tesi_repo/src/traj_controller/src/controller.cpp:38:43:[m[K [01;31m[Kerror: [m[K‘[01m[Kgeometry_msgs::Point_<std::allocator<void> >::ConstPtr[m[K’ {aka ‘[01m[Kclass boost::shared_ptr<const geometry_msgs::Point_<std::allocator<void> > >[m[K’} has no member named ‘[01m[Kx[m[K’; did you mean ‘[01m[Kboost::shared_ptr<const geometry_msgs::Point_<std::allocator<void> > >::element_type* boost::shared_ptr<const geometry_msgs::Point_<std::allocator<void> > >::px[m[K’? (not accessible from this context)
   38 |  u_1= 4*(y_1_d -y_1) + (B_des.x-B_des_old.[01;31m[Kx[m[K)/0.001;
      |                                           [01;31m[K^[m[K
In file included from [01m[K/usr/include/boost/smart_ptr/shared_array.hpp:24[m[K,
                 from [01m[K/usr/include/boost/shared_array.hpp:17[m[K,
                 from [01m[K/opt/ros/noetic/include/ros/serialized_message.h:33[m[K,
                 from [01m[K/opt/ros/noetic/include/ros/serialization.h:36[m[K,
                 from [01m[K/opt/ros/noetic/include/sensor_msgs/PointCloud.h:14[m[K,
                 from [01m[K/opt/ros/noetic/include/tf/transform_listener.h:35[m[K,
                 from [01m[K/home/rosario/Desktop/tesi/tesi_repo/src/traj_controller/src/controller.cpp:1[m[K:
[01m[K/usr/include/boost/smart_ptr/shared_ptr.hpp:818:20:[m[K [01;36m[Knote: [m[Kdeclared private here
  818 |     element_type * [01;36m[Kpx[m[K;                 // contained pointer
      |                    [01;36m[K^~[m[K
[01m[K/home/rosario/Desktop/tesi/tesi_repo/src/traj_controller/src/controller.cpp:39:32:[m[K [01;31m[Kerror: [m[K‘[01m[Kgeometry_msgs::Point_<std::allocator<void> >::ConstPtr[m[K’ {aka ‘[01m[Kclass boost::shared_ptr<const geometry_msgs::Point_<std::allocator<void> > >[m[K’} has no member named ‘[01m[Ky[m[K’
   39 |  u_1= 10*(y_2_d -y_2) + (B_des.[01;31m[Ky[m[K-B_des_old.y)/0.001;
      |                                [01;31m[K^[m[K
[01m[K/home/rosario/Desktop/tesi/tesi_repo/src/traj_controller/src/controller.cpp:39:44:[m[K [01;31m[Kerror: [m[K‘[01m[Kgeometry_msgs::Point_<std::allocator<void> >::ConstPtr[m[K’ {aka ‘[01m[Kclass boost::shared_ptr<const geometry_msgs::Point_<std::allocator<void> > >[m[K’} has no member named ‘[01m[Ky[m[K’
   39 |  u_1= 10*(y_2_d -y_2) + (B_des.y-B_des_old.[01;31m[Ky[m[K)/0.001;
      |                                            [01;31m[K^[m[K
[01m[K/home/rosario/Desktop/tesi/tesi_repo/src/traj_controller/src/controller.cpp:41:24:[m[K [01;31m[Kerror: [m[K‘[01m[Ku_2[m[K’ was not declared in this scope
   41 |  Eigen::VectorXd u{u_1,[01;31m[Ku_2[m[K};
      |                        [01;31m[K^~~[m[K
[01m[K/home/rosario/Desktop/tesi/tesi_repo/src/traj_controller/src/controller.cpp:41:27:[m[K [01;31m[Kerror: [m[Kno matching function for call to ‘[01m[KEigen::Matrix<double, -1, 1>::Matrix(<brace-enclosed initializer list>)[m[K’
   41 |  Eigen::VectorXd u{u_1,u_2[01;31m[K}[m[K;
      |                           [01;31m[K^[m[K
In file included from [01m[K/usr/include/eigen3/Eigen/Core:458[m[K,
                 from [01m[K/opt/ros/noetic/include/base_local_planner/latched_stop_rotate_controller.h:13[m[K,
                 from [01m[K/opt/ros/noetic/include/dwa_local_planner/dwa_planner_ros.h:54[m[K,
                 from [01m[K/home/rosario/Desktop/tesi/tesi_repo/src/traj_controller/src/controller.cpp:3[m[K:
[01m[K/usr/include/eigen3/Eigen/src/Core/Matrix.h:387:14:[m[K [01;36m[Knote: [m[Kcandidate: ‘[01m[Ktemplate<class OtherDerived> Eigen::Matrix<_Scalar, _Rows, _Cols, _Options, _MaxRows, _MaxCols>::Matrix(const Eigen::RotationBase<OtherDerived, Eigen::Matrix<_Scalar, _Rows, _Cols, _Options, _MaxRows, _MaxCols>::ColsAtCompileTime>&)[m[K’
  387 |     explicit [01;36m[KMatrix[m[K(const RotationBase<OtherDerived,ColsAtCompileTime>& r);
      |              [01;36m[K^~~~~~[m[K
[01m[K/usr/include/eigen3/Eigen/src/Core/Matrix.h:387:14:[m[K [01;36m[Knote: [m[K  template argument deduction/substitution failed:
[01m[K/usr/include/eigen3/Eigen/src/Core/Matrix.h:376:25:[m[K [01;36m[Knote: [m[Kcandidate: ‘[01m[Ktemplate<class OtherDerived> Eigen::Matrix<_Scalar, _Rows, _Cols, _Options, _MaxRows, _MaxCols>::Matrix(const Eigen::EigenBase<OtherDerived>&)[m[K’
  376 |     EIGEN_STRONG_INLINE [01;36m[KMatrix[m[K(const EigenBase<OtherDerived> &other)
      |                         [01;36m[K^~~~~~[m[K
[01m[K/usr/include/eigen3/Eigen/src/Core/Matrix.h:376:25:[m[K [01;36m[Knote: [m[K  template argument deduction/substitution failed:
[01m[K/usr/include/eigen3/Eigen/src/Core/Matrix.h:368:25:[m[K [01;36m[Knote: [m[Kcandidate: ‘[01m[KEigen::Matrix<_Scalar, _Rows, _Cols, _Options, _MaxRows, _MaxCols>::Matrix(const Eigen::Matrix<_Scalar, _Rows, _Cols, _Options, _MaxRows, _MaxCols>&) [with _Scalar = double; int _Rows = -1; int _Cols = 1; int _Options = 0; int _MaxRows = -1; int _MaxCols = 1][m[K’
  368 |     EIGEN_STRONG_INLINE [01;36m[KMatrix[m[K(const Matrix& other) : Base(other)
      |                         [01;36m[K^~~~~~[m[K
[01m[K/usr/include/eigen3/Eigen/src/Core/Matrix.h:368:25:[m[K [01;36m[Knote: [m[K  candidate expects 1 argument, 2 provided
[01m[K/usr/include/eigen3/Eigen/src/Core/Matrix.h:355:25:[m[K [01;36m[Knote: [m[Kcandidate: ‘[01m[KEigen::Matrix<_Scalar, _Rows, _Cols, _Options, _MaxRows, _MaxCols>::Matrix(const Scalar&, const Scalar&, const Scalar&, const Scalar&) [with _Scalar = double; int _Rows = -1; int _Cols = 1; int _Options = 0; int _MaxRows = -1; int _MaxCols = 1; Eigen::Matrix<_Scalar, _Rows, _Cols, _Options, _MaxRows, _MaxCols>::Scalar = double][m[K’
  355 |     EIGEN_STRONG_INLINE [01;36m[KMatrix[m[K(const Scalar& x, const Scalar& y, const Scalar& z, const Scalar& w)
      |                         [01;36m[K^~~~~~[m[K
[01m[K/usr/include/eigen3/Eigen/src/Core/Matrix.h:355:25:[m[K [01;36m[Knote: [m[K  candidate expects 4 arguments, 2 provided
[01m[K/usr/include/eigen3/Eigen/src/Core/Matrix.h:345:25:[m[K [01;36m[Knote: [m[Kcandidate: ‘[01m[KEigen::Matrix<_Scalar, _Rows, _Cols, _Options, _MaxRows, _MaxCols>::Matrix(const Scalar&, const Scalar&, const Scalar&) [with _Scalar = double; int _Rows = -1; int _Cols = 1; int _Options = 0; int _MaxRows = -1; int _MaxCols = 1; Eigen::Matrix<_Scalar, _Rows, _Cols, _Options, _MaxRows, _MaxCols>::Scalar = double][m[K’
  345 |     EIGEN_STRONG_INLINE [01;36m[KMatrix[m[K(const Scalar& x, const Scalar& y, const Scalar& z)
      |                         [01;36m[K^~~~~~[m[K
[01m[K/usr/include/eigen3/Eigen/src/Core/Matrix.h:345:25:[m[K [01;36m[Knote: [m[K  candidate expects 3 arguments, 2 provided
[01m[K/usr/include/eigen3/Eigen/src/Core/Matrix.h:299:25:[m[K [01;36m[Knote: [m[Kcandidate: ‘[01m[Ktemplate<class T0, class T1> Eigen::Matrix<_Scalar, _Rows, _Cols, _Options, _MaxRows, _MaxCols>::Matrix(const T0&, const T1&)[m[K’
  299 |     EIGEN_STRONG_INLINE [01;36m[KMatrix[m[K(const T0& x, const T1& y)
      |                         [01;36m[K^~~~~~[m[K
[01m[K/usr/include/eigen3/Eigen/src/Core/Matrix.h:299:25:[m[K [01;36m[Knote: [m[K  template argument deduction/substitution failed:
[01m[K/usr/include/eigen3/Eigen/src/Core/Matrix.h:291:34:[m[K [01;36m[Knote: [m[Kcandidate: ‘[01m[Ktemplate<class T> Eigen::Matrix<_Scalar, _Rows, _Cols, _Options, _MaxRows, _MaxCols>::Matrix(const T&)[m[K’
  291 |     EIGEN_STRONG_INLINE explicit [01;36m[KMatrix[m[K(const T& x)
      |                                  [01;36m[K^~~~~~[m[K
[01m[K/usr/include/eigen3/Eigen/src/Core/Matrix.h:291:34:[m[K [01;36m[Knote: [m[K  template argument deduction/substitution failed:
[01m[K/usr/include/eigen3/Eigen/src/Core/Matrix.h:273:5:[m[K [01;36m[Knote: [m[Kcandidate: ‘[01m[KEigen::Matrix<_Scalar, _Rows, _Cols, _Options, _MaxRows, _MaxCols>::Matrix(Eigen::Matrix<_Scalar, _Rows, _Cols, _Options, _MaxRows, _MaxCols>&&) [with _Scalar = double; int _Rows = -1; int _Cols = 1; int _Options = 0; int _MaxRows = -1; int _MaxCols = 1][m[K’
  273 |     [01;36m[KMatrix[m[K(Matrix&& other) EIGEN_NOEXCEPT_IF(std::is_nothrow_move_constructible<Scalar>::value)
      |     [01;36m[K^~~~~~[m[K
[01m[K/usr/include/eigen3/Eigen/src/Core/Matrix.h:273:5:[m[K [01;36m[Knote: [m[K  candidate expects 1 argument, 2 provided
[01m[K/usr/include/eigen3/Eigen/src/Core/Matrix.h:267:14:[m[K [01;36m[Knote: [m[Kcandidate: ‘[01m[KEigen::Matrix<_Scalar, _Rows, _Cols, _Options, _MaxRows, _MaxCols>::Matrix(Eigen::internal::constructor_without_unaligned_array_assert) [with _Scalar = double; int _Rows = -1; int _Cols = 1; int _Options = 0; int _MaxRows = -1; int _MaxCols = 1][m[K’
  267 |     explicit [01;36m[KMatrix[m[K(internal::constructor_without_unaligned_array_assert)
      |              [01;36m[K^~~~~~[m[K
[01m[K/usr/include/eigen3/Eigen/src/Core/Matrix.h:267:14:[m[K [01;36m[Knote: [m[K  candidate expects 1 argument, 2 provided
[01m[K/usr/include/eigen3/Eigen/src/Core/Matrix.h:259:25:[m[K [01;36m[Knote: [m[Kcandidate: ‘[01m[KEigen::Matrix<_Scalar, _Rows, _Cols, _Options, _MaxRows, _MaxCols>::Matrix() [with _Scalar = double; int _Rows = -1; int _Cols = 1; int _Options = 0; int _MaxRows = -1; int _MaxCols = 1][m[K’
  259 |     EIGEN_STRONG_INLINE [01;36m[KMatrix[m[K() : Base()
      |                         [01;36m[K^~~~~~[m[K
[01m[K/usr/include/eigen3/Eigen/src/Core/Matrix.h:259:25:[m[K [01;36m[Knote: [m[K  candidate expects 0 arguments, 2 provided
[01m[K/home/rosario/Desktop/tesi/tesi_repo/src/traj_controller/src/controller.cpp:44:16:[m[K [01;31m[Kerror: [m[K‘[01m[Kgeometry_msgs::Point_<std::allocator<void> >::ConstPtr[m[K’ {aka ‘[01m[Kclass boost::shared_ptr<const geometry_msgs::Point_<std::allocator<void> > >[m[K’} has no member named ‘[01m[Kz[m[K’
   44 |         {cos(B.[01;31m[Kz[m[K), -0.1*sin(B.z)},     // first row
      |                [01;31m[K^[m[K
[01m[K/home/rosario/Desktop/tesi/tesi_repo/src/traj_controller/src/controller.cpp:44:31:[m[K [01;31m[Kerror: [m[K‘[01m[Kgeometry_msgs::Point_<std::allocator<void> >::ConstPtr[m[K’ {aka ‘[01m[Kclass boost::shared_ptr<const geometry_msgs::Point_<std::allocator<void> > >[m[K’} has no member named ‘[01m[Kz[m[K’
   44 |         {cos(B.z), -0.1*sin(B.[01;31m[Kz[m[K)},     // first row
      |                               [01;31m[K^[m[K
[01m[K/home/rosario/Desktop/tesi/tesi_repo/src/traj_controller/src/controller.cpp:45:16:[m[K [01;31m[Kerror: [m[K‘[01m[Kgeometry_msgs::Point_<std::allocator<void> >::ConstPtr[m[K’ {aka ‘[01m[Kclass boost::shared_ptr<const geometry_msgs::Point_<std::allocator<void> > >[m[K’} has no member named ‘[01m[Kz[m[K’
   45 |         {sin(B.[01;31m[Kz[m[K), 0.1*cos(B.z)}      // second row
      |                [01;31m[K^[m[K
[01m[K/home/rosario/Desktop/tesi/tesi_repo/src/traj_controller/src/controller.cpp:45:30:[m[K [01;31m[Kerror: [m[K‘[01m[Kgeometry_msgs::Point_<std::allocator<void> >::ConstPtr[m[K’ {aka ‘[01m[Kclass boost::shared_ptr<const geometry_msgs::Point_<std::allocator<void> > >[m[K’} has no member named ‘[01m[Kz[m[K’
   45 |         {sin(B.z), 0.1*cos(B.[01;31m[Kz[m[K)}      // second row
      |                              [01;31m[K^[m[K
[01m[K/home/rosario/Desktop/tesi/tesi_repo/src/traj_controller/src/controller.cpp:46:2:[m[K [01;31m[Kerror: [m[Kno matching function for call to ‘[01m[KEigen::Matrix<int, -1, -1>::Matrix(<brace-enclosed initializer list>)[m[K’
   46 |  [01;31m[K}[m[K;
      |  [01;31m[K^[m[K
In file included from [01m[K/usr/include/eigen3/Eigen/Core:458[m[K,
                 from [01m[K/opt/ros/noetic/include/base_local_planner/latched_stop_rotate_controller.h:13[m[K,
                 from [01m[K/opt/ros/noetic/include/dwa_local_planner/dwa_planner_ros.h:54[m[K,
                 from [01m[K/home/rosario/Desktop/tesi/tesi_repo/src/traj_controller/src/controller.cpp:3[m[K:
[01m[K/usr/include/eigen3/Eigen/src/Core/Matrix.h:387:14:[m[K [01;36m[Knote: [m[Kcandidate: ‘[01m[Ktemplate<class OtherDerived> Eigen::Matrix<_Scalar, _Rows, _Cols, _Options, _MaxRows, _MaxCols>::Matrix(const Eigen::RotationBase<OtherDerived, Eigen::Matrix<_Scalar, _Rows, _Cols, _Options, _MaxRows, _MaxCols>::ColsAtCompileTime>&)[m[K’
  387 |     explicit [01;36m[KMatrix[m[K(const RotationBase<OtherDerived,ColsAtCompileTime>& r);
      |              [01;36m[K^~~~~~[m[K
[01m[K/usr/include/eigen3/Eigen/src/Core/Matrix.h:387:14:[m[K [01;36m[Knote: [m[K  template argument deduction/substitution failed:
[01m[K/home/rosario/Desktop/tesi/tesi_repo/src/traj_controller/src/controller.cpp:46:2:[m[K [01;36m[Knote: [m[K  candidate expects 1 argument, 2 provided
   46 |  [01;36m[K}[m[K;
      |  [01;36m[K^[m[K
In file included from [01m[K/usr/include/eigen3/Eigen/Core:458[m[K,
                 from [01m[K/opt/ros/noetic/include/base_local_planner/latched_stop_rotate_controller.h:13[m[K,
                 from [01m[K/opt/ros/noetic/include/dwa_local_planner/dwa_planner_ros.h:54[m[K,
                 from [01m[K/home/rosario/Desktop/tesi/tesi_repo/src/traj_controller/src/controller.cpp:3[m[K:
[01m[K/usr/include/eigen3/Eigen/src/Core/Matrix.h:376:25:[m[K [01;36m[Knote: [m[Kcandidate: ‘[01m[Ktemplate<class OtherDerived> Eigen::Matrix<_Scalar, _Rows, _Cols, _Options, _MaxRows, _MaxCols>::Matrix(const Eigen::EigenBase<OtherDerived>&)[m[K’
  376 |     EIGEN_STRONG_INLINE [01;36m[KMatrix[m[K(const EigenBase<OtherDerived> &other)
      |                         [01;36m[K^~~~~~[m[K
[01m[K/usr/include/eigen3/Eigen/src/Core/Matrix.h:376:25:[m[K [01;36m[Knote: [m[K  template argument deduction/substitution failed:
[01m[K/home/rosario/Desktop/tesi/tesi_repo/src/traj_controller/src/controller.cpp:46:2:[m[K [01;36m[Knote: [m[K  candidate expects 1 argument, 2 provided
   46 |  [01;36m[K}[m[K;
      |  [01;36m[K^[m[K
In file included from [01m[K/usr/include/eigen3/Eigen/Core:458[m[K,
                 from [01m[K/opt/ros/noetic/include/base_local_planner/latched_stop_rotate_controller.h:13[m[K,
                 from [01m[K/opt/ros/noetic/include/dwa_local_planner/dwa_planner_ros.h:54[m[K,
                 from [01m[K/home/rosario/Desktop/tesi/tesi_repo/src/traj_controller/src/controller.cpp:3[m[K:
[01m[K/usr/include/eigen3/Eigen/src/Core/Matrix.h:368:25:[m[K [01;36m[Knote: [m[Kcandidate: ‘[01m[KEigen::Matrix<_Scalar, _Rows, _Cols, _Options, _MaxRows, _MaxCols>::Matrix(const Eigen::Matrix<_Scalar, _Rows, _Cols, _Options, _MaxRows, _MaxCols>&) [with _Scalar = int; int _Rows = -1; int _Cols = -1; int _Options = 0; int _MaxRows = -1; int _MaxCols = -1][m[K’
  368 |     EIGEN_STRONG_INLINE [01;36m[KMatrix[m[K(const Matrix& other) : Base(other)
      |                         [01;36m[K^~~~~~[m[K
[01m[K/usr/include/eigen3/Eigen/src/Core/Matrix.h:368:25:[m[K [01;36m[Knote: [m[K  candidate expects 1 argument, 2 provided
[01m[K/usr/include/eigen3/Eigen/src/Core/Matrix.h:355:25:[m[K [01;36m[Knote: [m[Kcandidate: ‘[01m[KEigen::Matrix<_Scalar, _Rows, _Cols, _Options, _MaxRows, _MaxCols>::Matrix(const Scalar&, const Scalar&, const Scalar&, const Scalar&) [with _Scalar = int; int _Rows = -1; int _Cols = -1; int _Options = 0; int _MaxRows = -1; int _MaxCols = -1; Eigen::Matrix<_Scalar, _Rows, _Cols, _Options, _MaxRows, _MaxCols>::Scalar = int][m[K’
  355 |     EIGEN_STRONG_INLINE [01;36m[KMatrix[m[K(const Scalar& x, const Scalar& y, const Scalar& z, const Scalar& w)
      |                         [01;36m[K^~~~~~[m[K
[01m[K/usr/include/eigen3/Eigen/src/Core/Matrix.h:355:25:[m[K [01;36m[Knote: [m[K  candidate expects 4 arguments, 2 provided
[01m[K/usr/include/eigen3/Eigen/src/Core/Matrix.h:345:25:[m[K [01;36m[Knote: [m[Kcandidate: ‘[01m[KEigen::Matrix<_Scalar, _Rows, _Cols, _Options, _MaxRows, _MaxCols>::Matrix(const Scalar&, const Scalar&, const Scalar&) [with _Scalar = int; int _Rows = -1; int _Cols = -1; int _Options = 0; int _MaxRows = -1; int _MaxCols = -1; Eigen::Matrix<_Scalar, _Rows, _Cols, _Options, _MaxRows, _MaxCols>::Scalar = int][m[K’
  345 |     EIGEN_STRONG_INLINE [01;36m[KMatrix[m[K(const Scalar& x, const Scalar& y, const Scalar& z)
      |                         [01;36m[K^~~~~~[m[K
[01m[K/usr/include/eigen3/Eigen/src/Core/Matrix.h:345:25:[m[K [01;36m[Knote: [m[K  candidate expects 3 arguments, 2 provided
[01m[K/usr/include/eigen3/Eigen/src/Core/Matrix.h:299:25:[m[K [01;36m[Knote: [m[Kcandidate: ‘[01m[Ktemplate<class T0, class T1> Eigen::Matrix<_Scalar, _Rows, _Cols, _Options, _MaxRows, _MaxCols>::Matrix(const T0&, const T1&)[m[K’
  299 |     EIGEN_STRONG_INLINE [01;36m[KMatrix[m[K(const T0& x, const T1& y)
      |                         [01;36m[K^~~~~~[m[K
[01m[K/usr/include/eigen3/Eigen/src/Core/Matrix.h:299:25:[m[K [01;36m[Knote: [m[K  template argument deduction/substitution failed:
[01m[K/home/rosario/Desktop/tesi/tesi_repo/src/traj_controller/src/controller.cpp:46:2:[m[K [01;36m[Knote: [m[K  couldn’t deduce template parameter ‘[01m[KT0[m[K’
   46 |  [01;36m[K}[m[K;
      |  [01;36m[K^[m[K
In file included from [01m[K/usr/include/eigen3/Eigen/Core:458[m[K,
                 from [01m[K/opt/ros/noetic/include/base_local_planner/latched_stop_rotate_controller.h:13[m[K,
                 from [01m[K/opt/ros/noetic/include/dwa_local_planner/dwa_planner_ros.h:54[m[K,
                 from [01m[K/home/rosario/Desktop/tesi/tesi_repo/src/traj_controller/src/controller.cpp:3[m[K:
[01m[K/usr/include/eigen3/Eigen/src/Core/Matrix.h:291:34:[m[K [01;36m[Knote: [m[Kcandidate: ‘[01m[Ktemplate<class T> Eigen::Matrix<_Scalar, _Rows, _Cols, _Options, _MaxRows, _MaxCols>::Matrix(const T&)[m[K’
  291 |     EIGEN_STRONG_INLINE explicit [01;36m[KMatrix[m[K(const T& x)
      |                                  [01;36m[K^~~~~~[m[K
[01m[K/usr/include/eigen3/Eigen/src/Core/Matrix.h:291:34:[m[K [01;36m[Knote: [m[K  template argument deduction/substitution failed:
[01m[K/home/rosario/Desktop/tesi/tesi_repo/src/traj_controller/src/controller.cpp:46:2:[m[K [01;36m[Knote: [m[K  candidate expects 1 argument, 2 provided
   46 |  [01;36m[K}[m[K;
      |  [01;36m[K^[m[K
In file included from [01m[K/usr/include/eigen3/Eigen/Core:458[m[K,
                 from [01m[K/opt/ros/noetic/include/base_local_planner/latched_stop_rotate_controller.h:13[m[K,
                 from [01m[K/opt/ros/noetic/include/dwa_local_planner/dwa_planner_ros.h:54[m[K,
                 from [01m[K/home/rosario/Desktop/tesi/tesi_repo/src/traj_controller/src/controller.cpp:3[m[K:
[01m[K/usr/include/eigen3/Eigen/src/Core/Matrix.h:273:5:[m[K [01;36m[Knote: [m[Kcandidate: ‘[01m[KEigen::Matrix<_Scalar, _Rows, _Cols, _Options, _MaxRows, _MaxCols>::Matrix(Eigen::Matrix<_Scalar, _Rows, _Cols, _Options, _MaxRows, _MaxCols>&&) [with _Scalar = int; int _Rows = -1; int _Cols = -1; int _Options = 0; int _MaxRows = -1; int _MaxCols = -1][m[K’
  273 |     [01;36m[KMatrix[m[K(Matrix&& other) EIGEN_NOEXCEPT_IF(std::is_nothrow_move_constructible<Scalar>::value)
      |     [01;36m[K^~~~~~[m[K
[01m[K/usr/include/eigen3/Eigen/src/Core/Matrix.h:273:5:[m[K [01;36m[Knote: [m[K  candidate expects 1 argument, 2 provided
[01m[K/usr/include/eigen3/Eigen/src/Core/Matrix.h:267:14:[m[K [01;36m[Knote: [m[Kcandidate: ‘[01m[KEigen::Matrix<_Scalar, _Rows, _Cols, _Options, _MaxRows, _MaxCols>::Matrix(Eigen::internal::constructor_without_unaligned_array_assert) [with _Scalar = int; int _Rows = -1; int _Cols = -1; int _Options = 0; int _MaxRows = -1; int _MaxCols = -1][m[K’
  267 |     explicit [01;36m[KMatrix[m[K(internal::constructor_without_unaligned_array_assert)
      |              [01;36m[K^~~~~~[m[K
[01m[K/usr/include/eigen3/Eigen/src/Core/Matrix.h:267:14:[m[K [01;36m[Knote: [m[K  candidate expects 1 argument, 2 provided
[01m[K/usr/include/eigen3/Eigen/src/Core/Matrix.h:259:25:[m[K [01;36m[Knote: [m[Kcandidate: ‘[01m[KEigen::Matrix<_Scalar, _Rows, _Cols, _Options, _MaxRows, _MaxCols>::Matrix() [with _Scalar = int; int _Rows = -1; int _Cols = -1; int _Options = 0; int _MaxRows = -1; int _MaxCols = -1][m[K’
  259 |     EIGEN_STRONG_INLINE [01;36m[KMatrix[m[K() : Base()
      |                         [01;36m[K^~~~~~[m[K
[01m[K/usr/include/eigen3/Eigen/src/Core/Matrix.h:259:25:[m[K [01;36m[Knote: [m[K  candidate expects 0 arguments, 2 provided
In file included from [01m[K/usr/include/eigen3/Eigen/Core:439[m[K,
                 from [01m[K/opt/ros/noetic/include/base_local_planner/latched_stop_rotate_controller.h:13[m[K,
                 from [01m[K/opt/ros/noetic/include/dwa_local_planner/dwa_planner_ros.h:54[m[K,
                 from [01m[K/home/rosario/Desktop/tesi/tesi_repo/src/traj_controller/src/controller.cpp:3[m[K:
/usr/include/eigen3/Eigen/src/Core/Product.h: In instantiation of ‘[01m[Kstruct Eigen::internal::traits<Eigen::Product<Eigen::Inverse<Eigen::Matrix<int, -1, -1> >, Eigen::Matrix<double, -1, 1>, 0> >[m[K’:
[01m[K/usr/include/eigen3/Eigen/src/Core/Product.h:115:7:[m[K   required from ‘[01m[Kclass Eigen::internal::dense_product_base<Eigen::Inverse<Eigen::Matrix<int, -1, -1> >, Eigen::Matrix<double, -1, 1>, 0, 7>[m[K’
[01m[K/usr/include/eigen3/Eigen/src/Core/Product.h:147:7:[m[K   required from ‘[01m[Kclass Eigen::ProductImpl<Eigen::Inverse<Eigen::Matrix<int, -1, -1> >, Eigen::Matrix<double, -1, 1>, 0, Eigen::Dense>[m[K’
[01m[K/usr/include/eigen3/Eigen/src/Core/Product.h:71:7:[m[K   required from ‘[01m[Kclass Eigen::Product<Eigen::Inverse<Eigen::Matrix<int, -1, -1> >, Eigen::Matrix<double, -1, 1>, 0>[m[K’
[01m[K/home/rosario/Desktop/tesi/tesi_repo/src/traj_controller/src/controller.cpp:48:40:[m[K   required from here
[01m[K/usr/include/eigen3/Eigen/src/Core/Product.h:29:127:[m[K [01;31m[Kerror: [m[Kno type named ‘[01m[KReturnType[m[K’ in ‘[01m[Kstruct Eigen::ScalarBinaryOpTraits<int, double, Eigen::internal::scalar_product_op<int, double> >[m[K’
   29 |   typedef typename ScalarBinaryOpTraits<typename traits<LhsCleaned>::Scalar, typename traits<RhsCleaned>::Scalar>::ReturnType [01;31m[KScalar[m[K;
      |                                                                                                                               [01;31m[K^~~~~~[m[K
In file included from [01m[K/usr/include/eigen3/Eigen/Core:435[m[K,
                 from [01m[K/opt/ros/noetic/include/base_local_planner/latched_stop_rotate_controller.h:13[m[K,
                 from [01m[K/opt/ros/noetic/include/dwa_local_planner/dwa_planner_ros.h:54[m[K,
                 from [01m[K/home/rosario/Desktop/tesi/tesi_repo/src/traj_controller/src/controller.cpp:3[m[K:
/usr/include/eigen3/Eigen/src/Core/DenseBase.h: In instantiation of ‘[01m[Kclass Eigen::DenseBase<Eigen::Product<Eigen::Inverse<Eigen::Matrix<int, -1, -1> >, Eigen::Matrix<double, -1, 1>, 0> >[m[K’:
[01m[K/usr/include/eigen3/Eigen/src/Core/MatrixBase.h:48:34:[m[K   required from ‘[01m[Kclass Eigen::MatrixBase<Eigen::Product<Eigen::Inverse<Eigen::Matrix<int, -1, -1> >, Eigen::Matrix<double, -1, 1>, 0> >[m[K’
[01m[K/usr/include/eigen3/Eigen/src/Core/Product.h:115:7:[m[K   required from ‘[01m[Kclass Eigen::internal::dense_product_base<Eigen::Inverse<Eigen::Matrix<int, -1, -1> >, Eigen::Matrix<double, -1, 1>, 0, 7>[m[K’
[01m[K/usr/include/eigen3/Eigen/src/Core/Product.h:147:7:[m[K   required from ‘[01m[Kclass Eigen::ProductImpl<Eigen::Inverse<Eigen::Matrix<int, -1, -1> >, Eigen::Matrix<double, -1, 1>, 0, Eigen::Dense>[m[K’
[01m[K/usr/include/eigen3/Eigen/src/Core/Product.h:71:7:[m[K   required from ‘[01m[Kclass Eigen::Product<Eigen::Inverse<Eigen::Matrix<int, -1, -1> >, Eigen::Matrix<double, -1, 1>, 0>[m[K’
[01m[K/home/rosario/Desktop/tesi/tesi_repo/src/traj_controller/src/controller.cpp:48:40:[m[K   required from here
[01m[K/usr/include/eigen3/Eigen/src/Core/DenseBase.h:83:17:[m[K [01;31m[Kerror: [m[Kno members matching ‘[01m[KEigen::DenseBase<Eigen::Product<Eigen::Inverse<Eigen::Matrix<int, -1, -1> >, Eigen::Matrix<double, -1, 1>, 0> >::Base {aka Eigen::DenseCoeffsBase<Eigen::Product<Eigen::Inverse<Eigen::Matrix<int, -1, -1> >, Eigen::Matrix<double, -1, 1>, 0>, 0>}::coeff[m[K’ in ‘[01m[KEigen::DenseBase<Eigen::Product<Eigen::Inverse<Eigen::Matrix<int, -1, -1> >, Eigen::Matrix<double, -1, 1>, 0> >::Base[m[K’ {aka ‘[01m[Kclass Eigen::DenseCoeffsBase<Eigen::Product<Eigen::Inverse<Eigen::Matrix<int, -1, -1> >, Eigen::Matrix<double, -1, 1>, 0>, 0>[m[K’}
   83 |     using Base::[01;31m[Kcoeff[m[K;
      |                 [01;31m[K^~~~~[m[K
[01m[K/usr/include/eigen3/Eigen/src/Core/DenseBase.h:84:17:[m[K [01;31m[Kerror: [m[Kno members matching ‘[01m[KEigen::DenseBase<Eigen::Product<Eigen::Inverse<Eigen::Matrix<int, -1, -1> >, Eigen::Matrix<double, -1, 1>, 0> >::Base {aka Eigen::DenseCoeffsBase<Eigen::Product<Eigen::Inverse<Eigen::Matrix<int, -1, -1> >, Eigen::Matrix<double, -1, 1>, 0>, 0>}::coeffByOuterInner[m[K’ in ‘[01m[KEigen::DenseBase<Eigen::Product<Eigen::Inverse<Eigen::Matrix<int, -1, -1> >, Eigen::Matrix<double, -1, 1>, 0> >::Base[m[K’ {aka ‘[01m[Kclass Eigen::DenseCoeffsBase<Eigen::Product<Eigen::Inverse<Eigen::Matrix<int, -1, -1> >, Eigen::Matrix<double, -1, 1>, 0>, 0>[m[K’}
   84 |     using Base::[01;31m[KcoeffByOuterInner[m[K;
      |                 [01;31m[K^~~~~~~~~~~~~~~~~[m[K
[01m[K/usr/include/eigen3/Eigen/src/Core/DenseBase.h:85:26:[m[K [01;31m[Kerror: [m[Kno members matching ‘[01m[KEigen::DenseBase<Eigen::Product<Eigen::Inverse<Eigen::Matrix<int, -1, -1> >, Eigen::Matrix<double, -1, 1>, 0> >::Base {aka Eigen::DenseCoeffsBase<Eigen::Product<Eigen::Inverse<Eigen::Matrix<int, -1, -1> >, Eigen::Matrix<double, -1, 1>, 0>, 0>}::operator()[m[K’ in ‘[01m[KEigen::DenseBase<Eigen::Product<Eigen::Inverse<Eigen::Matrix<int, -1, -1> >, Eigen::Matrix<double, -1, 1>, 0> >::Base[m[K’ {aka ‘[01m[Kclass Eigen::DenseCoeffsBase<Eigen::Product<Eigen::Inverse<Eigen::Matrix<int, -1, -1> >, Eigen::Matrix<double, -1, 1>, 0>, 0>[m[K’}
   85 |     using Base::operator([01;31m[K)[m[K;
      |                          [01;31m[K^[m[K
[01m[K/usr/include/eigen3/Eigen/src/Core/DenseBase.h:86:26:[m[K [01;31m[Kerror: [m[Kno members matching ‘[01m[KEigen::DenseBase<Eigen::Product<Eigen::Inverse<Eigen::Matrix<int, -1, -1> >, Eigen::Matrix<double, -1, 1>, 0> >::Base {aka Eigen::DenseCoeffsBase<Eigen::Product<Eigen::Inverse<Eigen::Matrix<int, -1, -1> >, Eigen::Matrix<double, -1, 1>, 0>, 0>}::operator[][m[K’ in ‘[01m[KEigen::DenseBase<Eigen::Product<Eigen::Inverse<Eigen::Matrix<int, -1, -1> >, Eigen::Matrix<double, -1, 1>, 0> >::Base[m[K’ {aka ‘[01m[Kclass Eigen::DenseCoeffsBase<Eigen::Product<Eigen::Inverse<Eigen::Matrix<int, -1, -1> >, Eigen::Matrix<double, -1, 1>, 0>, 0>[m[K’}
   86 |     using Base::operator[[01;31m[K][m[K;
      |                          [01;31m[K^[m[K
[01m[K/usr/include/eigen3/Eigen/src/Core/DenseBase.h:87:17:[m[K [01;31m[Kerror: [m[Kno members matching ‘[01m[KEigen::DenseBase<Eigen::Product<Eigen::Inverse<Eigen::Matrix<int, -1, -1> >, Eigen::Matrix<double, -1, 1>, 0> >::Base {aka Eigen::DenseCoeffsBase<Eigen::Product<Eigen::Inverse<Eigen::Matrix<int, -1, -1> >, Eigen::Matrix<double, -1, 1>, 0>, 0>}::x[m[K’ in ‘[01m[KEigen::DenseBase<Eigen::Product<Eigen::Inverse<Eigen::Matrix<int, -1, -1> >, Eigen::Matrix<double, -1, 1>, 0> >::Base[m[K’ {aka ‘[01m[Kclass Eigen::DenseCoeffsBase<Eigen::Product<Eigen::Inverse<Eigen::Matrix<int, -1, -1> >, Eigen::Matrix<double, -1, 1>, 0>, 0>[m[K’}
   87 |     using Base::[01;31m[Kx[m[K;
      |                 [01;31m[K^[m[K
[01m[K/usr/include/eigen3/Eigen/src/Core/DenseBase.h:88:17:[m[K [01;31m[Kerror: [m[Kno members matching ‘[01m[KEigen::DenseBase<Eigen::Product<Eigen::Inverse<Eigen::Matrix<int, -1, -1> >, Eigen::Matrix<double, -1, 1>, 0> >::Base {aka Eigen::DenseCoeffsBase<Eigen::Product<Eigen::Inverse<Eigen::Matrix<int, -1, -1> >, Eigen::Matrix<double, -1, 1>, 0>, 0>}::y[m[K’ in ‘[01m[KEigen::DenseBase<Eigen::Product<Eigen::Inverse<Eigen::Matrix<int, -1, -1> >, Eigen::Matrix<double, -1, 1>, 0> >::Base[m[K’ {aka ‘[01m[Kclass Eigen::DenseCoeffsBase<Eigen::Product<Eigen::Inverse<Eigen::Matrix<int, -1, -1> >, Eigen::Matrix<double, -1, 1>, 0>, 0>[m[K’}
   88 |     using Base::[01;31m[Ky[m[K;
      |                 [01;31m[K^[m[K
[01m[K/usr/include/eigen3/Eigen/src/Core/DenseBase.h:89:17:[m[K [01;31m[Kerror: [m[Kno members matching ‘[01m[KEigen::DenseBase<Eigen::Product<Eigen::Inverse<Eigen::Matrix<int, -1, -1> >, Eigen::Matrix<double, -1, 1>, 0> >::Base {aka Eigen::DenseCoeffsBase<Eigen::Product<Eigen::Inverse<Eigen::Matrix<int, -1, -1> >, Eigen::Matrix<double, -1, 1>, 0>, 0>}::z[m[K’ in ‘[01m[KEigen::DenseBase<Eigen::Product<Eigen::Inverse<Eigen::Matrix<int, -1, -1> >, Eigen::Matrix<double, -1, 1>, 0> >::Base[m[K’ {aka ‘[01m[Kclass Eigen::DenseCoeffsBase<Eigen::Product<Eigen::Inverse<Eigen::Matrix<int, -1, -1> >, Eigen::Matrix<double, -1, 1>, 0>, 0>[m[K’}
   89 |     using Base::[01;31m[Kz[m[K;
      |                 [01;31m[K^[m[K
[01m[K/usr/include/eigen3/Eigen/src/Core/DenseBase.h:90:17:[m[K [01;31m[Kerror: [m[Kno members matching ‘[01m[KEigen::DenseBase<Eigen::Product<Eigen::Inverse<Eigen::Matrix<int, -1, -1> >, Eigen::Matrix<double, -1, 1>, 0> >::Base {aka Eigen::DenseCoeffsBase<Eigen::Product<Eigen::Inverse<Eigen::Matrix<int, -1, -1> >, Eigen::Matrix<double, -1, 1>, 0>, 0>}::w[m[K’ in ‘[01m[KEigen::DenseBase<Eigen::Product<Eigen::Inverse<Eigen::Matrix<int, -1, -1> >, Eigen::Matrix<double, -1, 1>, 0> >::Base[m[K’ {aka ‘[01m[Kclass Eigen::DenseCoeffsBase<Eigen::Product<Eigen::Inverse<Eigen::Matrix<int, -1, -1> >, Eigen::Matrix<double, -1, 1>, 0>, 0>[m[K’}
   90 |     using Base::[01;31m[Kw[m[K;
      |                 [01;31m[K^[m[K
In file included from [01m[K/usr/include/eigen3/Eigen/Core:436[m[K,
                 from [01m[K/opt/ros/noetic/include/base_local_planner/latched_stop_rotate_controller.h:13[m[K,
                 from [01m[K/opt/ros/noetic/include/dwa_local_planner/dwa_planner_ros.h:54[m[K,
                 from [01m[K/home/rosario/Desktop/tesi/tesi_repo/src/traj_controller/src/controller.cpp:3[m[K:
/usr/include/eigen3/Eigen/src/Core/MatrixBase.h: In instantiation of ‘[01m[Kclass Eigen::MatrixBase<Eigen::Product<Eigen::Inverse<Eigen::Matrix<int, -1, -1> >, Eigen::Matrix<double, -1, 1>, 0> >[m[K’:
[01m[K/usr/include/eigen3/Eigen/src/Core/Product.h:115:7:[m[K   required from ‘[01m[Kclass Eigen::internal::dense_product_base<Eigen::Inverse<Eigen::Matrix<int, -1, -1> >, Eigen::Matrix<double, -1, 1>, 0, 7>[m[K’
[01m[K/usr/include/eigen3/Eigen/src/Core/Product.h:147:7:[m[K   required from ‘[01m[Kclass Eigen::ProductImpl<Eigen::Inverse<Eigen::Matrix<int, -1, -1> >, Eigen::Matrix<double, -1, 1>, 0, Eigen::Dense>[m[K’
[01m[K/usr/include/eigen3/Eigen/src/Core/Product.h:71:7:[m[K   required from ‘[01m[Kclass Eigen::Product<Eigen::Inverse<Eigen::Matrix<int, -1, -1> >, Eigen::Matrix<double, -1, 1>, 0>[m[K’
[01m[K/home/rosario/Desktop/tesi/tesi_repo/src/traj_controller/src/controller.cpp:48:40:[m[K   required from here
[01m[K/usr/include/eigen3/Eigen/src/Core/MatrixBase.h:75:17:[m[K [01;31m[Kerror: [m[Kno members matching ‘[01m[KEigen::MatrixBase<Eigen::Product<Eigen::Inverse<Eigen::Matrix<int, -1, -1> >, Eigen::Matrix<double, -1, 1>, 0> >::Base {aka Eigen::DenseBase<Eigen::Product<Eigen::Inverse<Eigen::Matrix<int, -1, -1> >, Eigen::Matrix<double, -1, 1>, 0> >}::coeff[m[K’ in ‘[01m[KEigen::MatrixBase<Eigen::Product<Eigen::Inverse<Eigen::Matrix<int, -1, -1> >, Eigen::Matrix<double, -1, 1>, 0> >::Base[m[K’ {aka ‘[01m[Kclass Eigen::DenseBase<Eigen::Product<Eigen::Inverse<Eigen::Matrix<int, -1, -1> >, Eigen::Matrix<double, -1, 1>, 0> >[m[K’}
   75 |     using Base::[01;31m[Kcoeff[m[K;
      |                 [01;31m[K^~~~~[m[K
[01m[K/usr/include/eigen3/Eigen/src/Core/MatrixBase.h:78:17:[m[K [01;31m[Kerror: [m[Kno members matching ‘[01m[KEigen::MatrixBase<Eigen::Product<Eigen::Inverse<Eigen::Matrix<int, -1, -1> >, Eigen::Matrix<double, -1, 1>, 0> >::Base {aka Eigen::DenseBase<Eigen::Product<Eigen::Inverse<Eigen::Matrix<int, -1, -1> >, Eigen::Matrix<double, -1, 1>, 0> >}::eval[m[K’ in ‘[01m[KEigen::MatrixBase<Eigen::Product<Eigen::Inverse<Eigen::Matrix<int, -1, -1> >, Eigen::Matrix<double, -1, 1>, 0> >::Base[m[K’ {aka ‘[01m[Kclass Eigen::DenseBase<Eigen::Product<Eigen::Inverse<Eigen::Matrix<int, -1, -1> >, Eigen::Matrix<double, -1, 1>, 0> >[m[K’}
   78 |     using Base::[01;31m[Keval[m[K;
      |                 [01;31m[K^~~~[m[K
[01m[K/usr/include/eigen3/Eigen/src/Core/MatrixBase.h:81:25:[m[K [01;31m[Kerror: [m[Kno members matching ‘[01m[KEigen::MatrixBase<Eigen::Product<Eigen::Inverse<Eigen::Matrix<int, -1, -1> >, Eigen::Matrix<double, -1, 1>, 0> >::Base {aka Eigen::DenseBase<Eigen::Product<Eigen::Inverse<Eigen::Matrix<int, -1, -1> >, Eigen::Matrix<double, -1, 1>, 0> >}::operator*=[m[K’ in ‘[01m[KEigen::MatrixBase<Eigen::Product<Eigen::Inverse<Eigen::Matrix<int, -1, -1> >, Eigen::Matrix<double, -1, 1>, 0> >::Base[m[K’ {aka ‘[01m[Kclass Eigen::DenseBase<Eigen::Product<Eigen::Inverse<Eigen::Matrix<int, -1, -1> >, Eigen::Matrix<double, -1, 1>, 0> >[m[K’}
   81 |     using Base::operator[01;31m[K*=[m[K;
      |                         [01;31m[K^~[m[K
[01m[K/usr/include/eigen3/Eigen/src/Core/MatrixBase.h:82:25:[m[K [01;31m[Kerror: [m[Kno members matching ‘[01m[KEigen::MatrixBase<Eigen::Product<Eigen::Inverse<Eigen::Matrix<int, -1, -1> >, Eigen::Matrix<double, -1, 1>, 0> >::Base {aka Eigen::DenseBase<Eigen::Product<Eigen::Inverse<Eigen::Matrix<int, -1, -1> >, Eigen::Matrix<double, -1, 1>, 0> >}::operator/=[m[K’ in ‘[01m[KEigen::MatrixBase<Eigen::Product<Eigen::Inverse<Eigen::Matrix<int, -1, -1> >, Eigen::Matrix<double, -1, 1>, 0> >::Base[m[K’ {aka ‘[01m[Kclass Eigen::DenseBase<Eigen::Product<Eigen::Inverse<Eigen::Matrix<int, -1, -1> >, Eigen::Matrix<double, -1, 1>, 0> >[m[K’}
   82 |     using Base::operator[01;31m[K/=[m[K;
      |                         [01;31m[K^~[m[K
[01m[K/home/rosario/Desktop/tesi/tesi_repo/src/traj_controller/src/controller.cpp:52:2:[m[K [01;31m[Kerror: [m[Kreturn-statement with no value, in function returning ‘[01m[Kgeometry_msgs::Twist[m[K’ {aka ‘[01m[Kgeometry_msgs::Twist_<std::allocator<void> >[m[K’} [[01;31m[K-fpermissive[m[K]
   52 |  [01;31m[Kreturn[m[K;
      |  [01;31m[K^~~~~~[m[K
[01m[K/home/rosario/Desktop/tesi/tesi_repo/src/traj_controller/src/controller.cpp:[m[K In function ‘[01m[Kint main(int, char**)[m[K’:
[01m[K/home/rosario/Desktop/tesi/tesi_repo/src/traj_controller/src/controller.cpp:64:2:[m[K [01;31m[Kerror: [m[K‘[01m[KcomputeB_des_trajectory[m[K’ was not declared in this scope; did you mean ‘[01m[KcomputeB_des_traj[m[K’?
   64 |  [01;31m[KcomputeB_des_trajectory[m[K(gPlan);
      |  [01;31m[K^~~~~~~~~~~~~~~~~~~~~~~[m[K
      |  [32m[KcomputeB_des_traj[m[K
[01m[K/home/rosario/Desktop/tesi/tesi_repo/src/traj_controller/src/controller.cpp:72:23:[m[K [01;31m[Kerror: [m[Kredeclaration of ‘[01m[Kgeometry_msgs::Twist cmd_vel[m[K’
   72 |  geometry_msgs::Twist [01;31m[Kcmd_vel[m[K;
      |                       [01;31m[K^~~~~~~[m[K
[01m[K/home/rosario/Desktop/tesi/tesi_repo/src/traj_controller/src/controller.cpp:59:23:[m[K [01;36m[Knote: [m[K‘[01m[Kgeometry_msgs::Twist cmd_vel[m[K’ previously declared here
   59 |  geometry_msgs::Twist [01;36m[Kcmd_vel[m[K;
      |                       [01;36m[K^~~~~~~[m[K
[01m[K/home/rosario/Desktop/tesi/tesi_repo/src/traj_controller/src/controller.cpp:73:7:[m[K [01;31m[Kerror: [m[K‘[01m[Krate[m[K’ is not a member of ‘[01m[Kros[m[K’; did you mean ‘[01m[KRate[m[K’?
   73 |  ros::[01;31m[Krate[m[K r(0.001);
      |       [01;31m[K^~~~[m[K
      |       [32m[KRate[m[K
[01m[K/home/rosario/Desktop/tesi/tesi_repo/src/traj_controller/src/controller.cpp:76:20:[m[K [01;31m[Kerror: [m[K‘[01m[Kgeoemtry_msgs[m[K’ was not declared in this scope; did you mean ‘[01m[Kgeometry_msgs[m[K’?
   76 |   for (std::vector<[01;31m[Kgeoemtry_msgs[m[K::Point>::const_iterator it = B_des_traj.begin(); it != B_des_traj.end(); ++it){
      |                    [01;31m[K^~~~~~~~~~~~~[m[K
      |                    [32m[Kgeometry_msgs[m[K
[01m[K/home/rosario/Desktop/tesi/tesi_repo/src/traj_controller/src/controller.cpp:76:40:[m[K [01;31m[Kerror: [m[Ktemplate argument 1 is invalid
   76 |   for (std::vector<geoemtry_msgs::Point[01;31m[K>[m[K::const_iterator it = B_des_traj.begin(); it != B_des_traj.end(); ++it){
      |                                        [01;31m[K^[m[K
[01m[K/home/rosario/Desktop/tesi/tesi_repo/src/traj_controller/src/controller.cpp:76:40:[m[K [01;31m[Kerror: [m[Ktemplate argument 2 is invalid
[01m[K/home/rosario/Desktop/tesi/tesi_repo/src/traj_controller/src/controller.cpp:76:58:[m[K [01;31m[Kerror: [m[Kqualified-id in declaration before ‘[01m[Kit[m[K’
   76 |   for (std::vector<geoemtry_msgs::Point>::const_iterator [01;31m[Kit[m[K = B_des_traj.begin(); it != B_des_traj.end(); ++it){
      |                                                          [01;31m[K^~[m[K
[01m[K/home/rosario/Desktop/tesi/tesi_repo/src/traj_controller/src/controller.cpp:76:57:[m[K [01;31m[Kerror: [m[Kexpected ‘[01m[K;[m[K’ before ‘[01m[Kit[m[K’
   76 |   for (std::vector<geoemtry_msgs::Point>::const_iterator[01;31m[K [m[K[32m[Kit[m[K = B_des_traj.begin(); it != B_des_traj.end(); ++it){
      |                                                         [01;31m[K^[m[K[32m[K~~[m[K
      |                                                         [32m[K;[m[K
[01m[K/home/rosario/Desktop/tesi/tesi_repo/src/traj_controller/src/controller.cpp:76:58:[m[K [01;31m[Kerror: [m[K‘[01m[Kit[m[K’ was not declared in this scope; did you mean ‘[01m[Kint[m[K’?
   76 |   for (std::vector<geoemtry_msgs::Point>::const_iterator [01;31m[Kit[m[K = B_des_traj.begin(); it != B_des_traj.end(); ++it){
      |                                                          [01;31m[K^~[m[K
      |                                                          [32m[Kint[m[K
[01m[K/home/rosario/Desktop/tesi/tesi_repo/src/traj_controller/src/controller.cpp:76:105:[m[K [01;31m[Kerror: [m[Kexpected ‘[01m[K)[m[K’ before ‘[01m[K;[m[K’ token
   76 |   for [34m[K([m[Kstd::vector<geoemtry_msgs::Point>::const_iterator it = B_des_traj.begin(); it != B_des_traj.end()[01;31m[K;[m[K ++it){
      |       [34m[K~[m[K                                                                                                 [01;31m[K^[m[K
      |                                                                                                         [32m[K)[m[K
[01m[K/home/rosario/Desktop/tesi/tesi_repo/src/traj_controller/src/controller.cpp:76:109:[m[K [01;31m[Kerror: [m[K‘[01m[Kit[m[K’ was not declared in this scope; did you mean ‘[01m[Kint[m[K’?
   76 |   for (std::vector<geoemtry_msgs::Point>::const_iterator it = B_des_traj.begin(); it != B_des_traj.end(); ++[01;31m[Kit[m[K){
      |                                                                                                             [01;31m[K^~[m[K
      |                                                                                                             [32m[Kint[m[K
In file included from [01m[K/usr/include/eigen3/Eigen/Core:366[m[K,
                 from [01m[K/opt/ros/noetic/include/base_local_planner/latched_stop_rotate_controller.h:13[m[K,
                 from [01m[K/opt/ros/noetic/include/dwa_local_planner/dwa_planner_ros.h:54[m[K,
                 from [01m[K/home/rosario/Desktop/tesi/tesi_repo/src/traj_controller/src/controller.cpp:3[m[K:
/usr/include/eigen3/Eigen/src/LU/InverseImpl.h: In instantiation of ‘[01m[Kconst Eigen::Inverse<Derived> Eigen::MatrixBase<Derived>::inverse() const [with Derived = Eigen::Matrix<int, -1, -1>][m[K’:
[01m[K/home/rosario/Desktop/tesi/tesi_repo/src/traj_controller/src/controller.cpp:48:36:[m[K   required from here
[01m[K/usr/include/eigen3/Eigen/src/LU/InverseImpl.h:337:23:[m[K [01;31m[Kerror: [m[Kstatic assertion failed: THIS_FUNCTION_IS_NOT_FOR_INTEGER_NUMERIC_TYPES
  337 |   EIGEN_STATIC_ASSERT([01;31m[K!NumTraits<Scalar>::IsInteger[m[K,THIS_FUNCTION_IS_NOT_FOR_INTEGER_NUMERIC_TYPES)
      |                       [01;31m[K^~~~~~~~~~~~~~~~~~~~~~~~~~~~~[m[K
[01m[K/usr/include/eigen3/Eigen/src/Core/util/StaticAssert.h:33:54:[m[K [01;36m[Knote: [m[Kin definition of macro ‘[01m[KEIGEN_STATIC_ASSERT[m[K’
   33 |     #define EIGEN_STATIC_ASSERT(X,MSG) static_assert([01;36m[KX[m[K,#MSG);
      |                                                      [01;36m[K^[m[K
make[2]: *** [CMakeFiles/traj_controller_node.dir/build.make:63: CMakeFiles/traj_controller_node.dir/src/controller.cpp.o] Error 1
make[1]: *** [CMakeFiles/Makefile2:220: CMakeFiles/traj_controller_node.dir/all] Error 2
make: *** [Makefile:141: all] Error 2
