In file included from [01m[K/usr/include/eigen3/Eigen/Core:439[m[K,
                 from [01m[K/opt/ros/noetic/include/base_local_planner/latched_stop_rotate_controller.h:13[m[K,
                 from [01m[K/opt/ros/noetic/include/dwa_local_planner/dwa_planner_ros.h:54[m[K,
                 from [01m[K/home/rosario/Desktop/tesi/tesi_repo/src/traj_controller/src/controller.cpp:3[m[K:
/usr/include/eigen3/Eigen/src/Core/Product.h: In instantiation of ‘[01m[Kstruct Eigen::internal::traits<Eigen::Product<Eigen::Inverse<Eigen::Matrix<float, 2, 2> >, Eigen::Matrix<double, -1, 1>, 0> >[m[K’:
[01m[K/usr/include/eigen3/Eigen/src/Core/Product.h:115:7:[m[K   required from ‘[01m[Kclass Eigen::internal::dense_product_base<Eigen::Inverse<Eigen::Matrix<float, 2, 2> >, Eigen::Matrix<double, -1, 1>, 0, 3>[m[K’
[01m[K/usr/include/eigen3/Eigen/src/Core/Product.h:147:7:[m[K   required from ‘[01m[Kclass Eigen::ProductImpl<Eigen::Inverse<Eigen::Matrix<float, 2, 2> >, Eigen::Matrix<double, -1, 1>, 0, Eigen::Dense>[m[K’
[01m[K/usr/include/eigen3/Eigen/src/Core/Product.h:71:7:[m[K   required from ‘[01m[Kclass Eigen::Product<Eigen::Inverse<Eigen::Matrix<float, 2, 2> >, Eigen::Matrix<double, -1, 1>, 0>[m[K’
[01m[K/home/rosario/Desktop/tesi/tesi_repo/src/traj_controller/src/controller.cpp:49:40:[m[K   required from here
[01m[K/usr/include/eigen3/Eigen/src/Core/Product.h:29:127:[m[K [01;31m[Kerror: [m[Kno type named ‘[01m[KReturnType[m[K’ in ‘[01m[Kstruct Eigen::ScalarBinaryOpTraits<float, double, Eigen::internal::scalar_product_op<float, double> >[m[K’
   29 |   typedef typename ScalarBinaryOpTraits<typename traits<LhsCleaned>::Scalar, typename traits<RhsCleaned>::Scalar>::ReturnType [01;31m[KScalar[m[K;
      |                                                                                                                               [01;31m[K^~~~~~[m[K
In file included from [01m[K/usr/include/eigen3/Eigen/Core:435[m[K,
                 from [01m[K/opt/ros/noetic/include/base_local_planner/latched_stop_rotate_controller.h:13[m[K,
                 from [01m[K/opt/ros/noetic/include/dwa_local_planner/dwa_planner_ros.h:54[m[K,
                 from [01m[K/home/rosario/Desktop/tesi/tesi_repo/src/traj_controller/src/controller.cpp:3[m[K:
/usr/include/eigen3/Eigen/src/Core/DenseBase.h: In instantiation of ‘[01m[Kclass Eigen::DenseBase<Eigen::Product<Eigen::Inverse<Eigen::Matrix<float, 2, 2> >, Eigen::Matrix<double, -1, 1>, 0> >[m[K’:
[01m[K/usr/include/eigen3/Eigen/src/Core/MatrixBase.h:48:34:[m[K   required from ‘[01m[Kclass Eigen::MatrixBase<Eigen::Product<Eigen::Inverse<Eigen::Matrix<float, 2, 2> >, Eigen::Matrix<double, -1, 1>, 0> >[m[K’
[01m[K/usr/include/eigen3/Eigen/src/Core/Product.h:115:7:[m[K   required from ‘[01m[Kclass Eigen::internal::dense_product_base<Eigen::Inverse<Eigen::Matrix<float, 2, 2> >, Eigen::Matrix<double, -1, 1>, 0, 3>[m[K’
[01m[K/usr/include/eigen3/Eigen/src/Core/Product.h:147:7:[m[K   required from ‘[01m[Kclass Eigen::ProductImpl<Eigen::Inverse<Eigen::Matrix<float, 2, 2> >, Eigen::Matrix<double, -1, 1>, 0, Eigen::Dense>[m[K’
[01m[K/usr/include/eigen3/Eigen/src/Core/Product.h:71:7:[m[K   required from ‘[01m[Kclass Eigen::Product<Eigen::Inverse<Eigen::Matrix<float, 2, 2> >, Eigen::Matrix<double, -1, 1>, 0>[m[K’
[01m[K/home/rosario/Desktop/tesi/tesi_repo/src/traj_controller/src/controller.cpp:49:40:[m[K   required from here
[01m[K/usr/include/eigen3/Eigen/src/Core/DenseBase.h:83:17:[m[K [01;31m[Kerror: [m[Kno members matching ‘[01m[KEigen::DenseBase<Eigen::Product<Eigen::Inverse<Eigen::Matrix<float, 2, 2> >, Eigen::Matrix<double, -1, 1>, 0> >::Base {aka Eigen::DenseCoeffsBase<Eigen::Product<Eigen::Inverse<Eigen::Matrix<float, 2, 2> >, Eigen::Matrix<double, -1, 1>, 0>, 0>}::coeff[m[K’ in ‘[01m[KEigen::DenseBase<Eigen::Product<Eigen::Inverse<Eigen::Matrix<float, 2, 2> >, Eigen::Matrix<double, -1, 1>, 0> >::Base[m[K’ {aka ‘[01m[Kclass Eigen::DenseCoeffsBase<Eigen::Product<Eigen::Inverse<Eigen::Matrix<float, 2, 2> >, Eigen::Matrix<double, -1, 1>, 0>, 0>[m[K’}
   83 |     using Base::[01;31m[Kcoeff[m[K;
      |                 [01;31m[K^~~~~[m[K
[01m[K/usr/include/eigen3/Eigen/src/Core/DenseBase.h:84:17:[m[K [01;31m[Kerror: [m[Kno members matching ‘[01m[KEigen::DenseBase<Eigen::Product<Eigen::Inverse<Eigen::Matrix<float, 2, 2> >, Eigen::Matrix<double, -1, 1>, 0> >::Base {aka Eigen::DenseCoeffsBase<Eigen::Product<Eigen::Inverse<Eigen::Matrix<float, 2, 2> >, Eigen::Matrix<double, -1, 1>, 0>, 0>}::coeffByOuterInner[m[K’ in ‘[01m[KEigen::DenseBase<Eigen::Product<Eigen::Inverse<Eigen::Matrix<float, 2, 2> >, Eigen::Matrix<double, -1, 1>, 0> >::Base[m[K’ {aka ‘[01m[Kclass Eigen::DenseCoeffsBase<Eigen::Product<Eigen::Inverse<Eigen::Matrix<float, 2, 2> >, Eigen::Matrix<double, -1, 1>, 0>, 0>[m[K’}
   84 |     using Base::[01;31m[KcoeffByOuterInner[m[K;
      |                 [01;31m[K^~~~~~~~~~~~~~~~~[m[K
[01m[K/usr/include/eigen3/Eigen/src/Core/DenseBase.h:85:26:[m[K [01;31m[Kerror: [m[Kno members matching ‘[01m[KEigen::DenseBase<Eigen::Product<Eigen::Inverse<Eigen::Matrix<float, 2, 2> >, Eigen::Matrix<double, -1, 1>, 0> >::Base {aka Eigen::DenseCoeffsBase<Eigen::Product<Eigen::Inverse<Eigen::Matrix<float, 2, 2> >, Eigen::Matrix<double, -1, 1>, 0>, 0>}::operator()[m[K’ in ‘[01m[KEigen::DenseBase<Eigen::Product<Eigen::Inverse<Eigen::Matrix<float, 2, 2> >, Eigen::Matrix<double, -1, 1>, 0> >::Base[m[K’ {aka ‘[01m[Kclass Eigen::DenseCoeffsBase<Eigen::Product<Eigen::Inverse<Eigen::Matrix<float, 2, 2> >, Eigen::Matrix<double, -1, 1>, 0>, 0>[m[K’}
   85 |     using Base::operator([01;31m[K)[m[K;
      |                          [01;31m[K^[m[K
[01m[K/usr/include/eigen3/Eigen/src/Core/DenseBase.h:86:26:[m[K [01;31m[Kerror: [m[Kno members matching ‘[01m[KEigen::DenseBase<Eigen::Product<Eigen::Inverse<Eigen::Matrix<float, 2, 2> >, Eigen::Matrix<double, -1, 1>, 0> >::Base {aka Eigen::DenseCoeffsBase<Eigen::Product<Eigen::Inverse<Eigen::Matrix<float, 2, 2> >, Eigen::Matrix<double, -1, 1>, 0>, 0>}::operator[][m[K’ in ‘[01m[KEigen::DenseBase<Eigen::Product<Eigen::Inverse<Eigen::Matrix<float, 2, 2> >, Eigen::Matrix<double, -1, 1>, 0> >::Base[m[K’ {aka ‘[01m[Kclass Eigen::DenseCoeffsBase<Eigen::Product<Eigen::Inverse<Eigen::Matrix<float, 2, 2> >, Eigen::Matrix<double, -1, 1>, 0>, 0>[m[K’}
   86 |     using Base::operator[[01;31m[K][m[K;
      |                          [01;31m[K^[m[K
[01m[K/usr/include/eigen3/Eigen/src/Core/DenseBase.h:87:17:[m[K [01;31m[Kerror: [m[Kno members matching ‘[01m[KEigen::DenseBase<Eigen::Product<Eigen::Inverse<Eigen::Matrix<float, 2, 2> >, Eigen::Matrix<double, -1, 1>, 0> >::Base {aka Eigen::DenseCoeffsBase<Eigen::Product<Eigen::Inverse<Eigen::Matrix<float, 2, 2> >, Eigen::Matrix<double, -1, 1>, 0>, 0>}::x[m[K’ in ‘[01m[KEigen::DenseBase<Eigen::Product<Eigen::Inverse<Eigen::Matrix<float, 2, 2> >, Eigen::Matrix<double, -1, 1>, 0> >::Base[m[K’ {aka ‘[01m[Kclass Eigen::DenseCoeffsBase<Eigen::Product<Eigen::Inverse<Eigen::Matrix<float, 2, 2> >, Eigen::Matrix<double, -1, 1>, 0>, 0>[m[K’}
   87 |     using Base::[01;31m[Kx[m[K;
      |                 [01;31m[K^[m[K
[01m[K/usr/include/eigen3/Eigen/src/Core/DenseBase.h:88:17:[m[K [01;31m[Kerror: [m[Kno members matching ‘[01m[KEigen::DenseBase<Eigen::Product<Eigen::Inverse<Eigen::Matrix<float, 2, 2> >, Eigen::Matrix<double, -1, 1>, 0> >::Base {aka Eigen::DenseCoeffsBase<Eigen::Product<Eigen::Inverse<Eigen::Matrix<float, 2, 2> >, Eigen::Matrix<double, -1, 1>, 0>, 0>}::y[m[K’ in ‘[01m[KEigen::DenseBase<Eigen::Product<Eigen::Inverse<Eigen::Matrix<float, 2, 2> >, Eigen::Matrix<double, -1, 1>, 0> >::Base[m[K’ {aka ‘[01m[Kclass Eigen::DenseCoeffsBase<Eigen::Product<Eigen::Inverse<Eigen::Matrix<float, 2, 2> >, Eigen::Matrix<double, -1, 1>, 0>, 0>[m[K’}
   88 |     using Base::[01;31m[Ky[m[K;
      |                 [01;31m[K^[m[K
[01m[K/usr/include/eigen3/Eigen/src/Core/DenseBase.h:89:17:[m[K [01;31m[Kerror: [m[Kno members matching ‘[01m[KEigen::DenseBase<Eigen::Product<Eigen::Inverse<Eigen::Matrix<float, 2, 2> >, Eigen::Matrix<double, -1, 1>, 0> >::Base {aka Eigen::DenseCoeffsBase<Eigen::Product<Eigen::Inverse<Eigen::Matrix<float, 2, 2> >, Eigen::Matrix<double, -1, 1>, 0>, 0>}::z[m[K’ in ‘[01m[KEigen::DenseBase<Eigen::Product<Eigen::Inverse<Eigen::Matrix<float, 2, 2> >, Eigen::Matrix<double, -1, 1>, 0> >::Base[m[K’ {aka ‘[01m[Kclass Eigen::DenseCoeffsBase<Eigen::Product<Eigen::Inverse<Eigen::Matrix<float, 2, 2> >, Eigen::Matrix<double, -1, 1>, 0>, 0>[m[K’}
   89 |     using Base::[01;31m[Kz[m[K;
      |                 [01;31m[K^[m[K
[01m[K/usr/include/eigen3/Eigen/src/Core/DenseBase.h:90:17:[m[K [01;31m[Kerror: [m[Kno members matching ‘[01m[KEigen::DenseBase<Eigen::Product<Eigen::Inverse<Eigen::Matrix<float, 2, 2> >, Eigen::Matrix<double, -1, 1>, 0> >::Base {aka Eigen::DenseCoeffsBase<Eigen::Product<Eigen::Inverse<Eigen::Matrix<float, 2, 2> >, Eigen::Matrix<double, -1, 1>, 0>, 0>}::w[m[K’ in ‘[01m[KEigen::DenseBase<Eigen::Product<Eigen::Inverse<Eigen::Matrix<float, 2, 2> >, Eigen::Matrix<double, -1, 1>, 0> >::Base[m[K’ {aka ‘[01m[Kclass Eigen::DenseCoeffsBase<Eigen::Product<Eigen::Inverse<Eigen::Matrix<float, 2, 2> >, Eigen::Matrix<double, -1, 1>, 0>, 0>[m[K’}
   90 |     using Base::[01;31m[Kw[m[K;
      |                 [01;31m[K^[m[K
In file included from [01m[K/usr/include/eigen3/Eigen/Core:436[m[K,
                 from [01m[K/opt/ros/noetic/include/base_local_planner/latched_stop_rotate_controller.h:13[m[K,
                 from [01m[K/opt/ros/noetic/include/dwa_local_planner/dwa_planner_ros.h:54[m[K,
                 from [01m[K/home/rosario/Desktop/tesi/tesi_repo/src/traj_controller/src/controller.cpp:3[m[K:
/usr/include/eigen3/Eigen/src/Core/MatrixBase.h: In instantiation of ‘[01m[Kclass Eigen::MatrixBase<Eigen::Product<Eigen::Inverse<Eigen::Matrix<float, 2, 2> >, Eigen::Matrix<double, -1, 1>, 0> >[m[K’:
[01m[K/usr/include/eigen3/Eigen/src/Core/Product.h:115:7:[m[K   required from ‘[01m[Kclass Eigen::internal::dense_product_base<Eigen::Inverse<Eigen::Matrix<float, 2, 2> >, Eigen::Matrix<double, -1, 1>, 0, 3>[m[K’
[01m[K/usr/include/eigen3/Eigen/src/Core/Product.h:147:7:[m[K   required from ‘[01m[Kclass Eigen::ProductImpl<Eigen::Inverse<Eigen::Matrix<float, 2, 2> >, Eigen::Matrix<double, -1, 1>, 0, Eigen::Dense>[m[K’
[01m[K/usr/include/eigen3/Eigen/src/Core/Product.h:71:7:[m[K   required from ‘[01m[Kclass Eigen::Product<Eigen::Inverse<Eigen::Matrix<float, 2, 2> >, Eigen::Matrix<double, -1, 1>, 0>[m[K’
[01m[K/home/rosario/Desktop/tesi/tesi_repo/src/traj_controller/src/controller.cpp:49:40:[m[K   required from here
[01m[K/usr/include/eigen3/Eigen/src/Core/MatrixBase.h:75:17:[m[K [01;31m[Kerror: [m[Kno members matching ‘[01m[KEigen::MatrixBase<Eigen::Product<Eigen::Inverse<Eigen::Matrix<float, 2, 2> >, Eigen::Matrix<double, -1, 1>, 0> >::Base {aka Eigen::DenseBase<Eigen::Product<Eigen::Inverse<Eigen::Matrix<float, 2, 2> >, Eigen::Matrix<double, -1, 1>, 0> >}::coeff[m[K’ in ‘[01m[KEigen::MatrixBase<Eigen::Product<Eigen::Inverse<Eigen::Matrix<float, 2, 2> >, Eigen::Matrix<double, -1, 1>, 0> >::Base[m[K’ {aka ‘[01m[Kclass Eigen::DenseBase<Eigen::Product<Eigen::Inverse<Eigen::Matrix<float, 2, 2> >, Eigen::Matrix<double, -1, 1>, 0> >[m[K’}
   75 |     using Base::[01;31m[Kcoeff[m[K;
      |                 [01;31m[K^~~~~[m[K
[01m[K/usr/include/eigen3/Eigen/src/Core/MatrixBase.h:78:17:[m[K [01;31m[Kerror: [m[Kno members matching ‘[01m[KEigen::MatrixBase<Eigen::Product<Eigen::Inverse<Eigen::Matrix<float, 2, 2> >, Eigen::Matrix<double, -1, 1>, 0> >::Base {aka Eigen::DenseBase<Eigen::Product<Eigen::Inverse<Eigen::Matrix<float, 2, 2> >, Eigen::Matrix<double, -1, 1>, 0> >}::eval[m[K’ in ‘[01m[KEigen::MatrixBase<Eigen::Product<Eigen::Inverse<Eigen::Matrix<float, 2, 2> >, Eigen::Matrix<double, -1, 1>, 0> >::Base[m[K’ {aka ‘[01m[Kclass Eigen::DenseBase<Eigen::Product<Eigen::Inverse<Eigen::Matrix<float, 2, 2> >, Eigen::Matrix<double, -1, 1>, 0> >[m[K’}
   78 |     using Base::[01;31m[Keval[m[K;
      |                 [01;31m[K^~~~[m[K
[01m[K/usr/include/eigen3/Eigen/src/Core/MatrixBase.h:81:25:[m[K [01;31m[Kerror: [m[Kno members matching ‘[01m[KEigen::MatrixBase<Eigen::Product<Eigen::Inverse<Eigen::Matrix<float, 2, 2> >, Eigen::Matrix<double, -1, 1>, 0> >::Base {aka Eigen::DenseBase<Eigen::Product<Eigen::Inverse<Eigen::Matrix<float, 2, 2> >, Eigen::Matrix<double, -1, 1>, 0> >}::operator*=[m[K’ in ‘[01m[KEigen::MatrixBase<Eigen::Product<Eigen::Inverse<Eigen::Matrix<float, 2, 2> >, Eigen::Matrix<double, -1, 1>, 0> >::Base[m[K’ {aka ‘[01m[Kclass Eigen::DenseBase<Eigen::Product<Eigen::Inverse<Eigen::Matrix<float, 2, 2> >, Eigen::Matrix<double, -1, 1>, 0> >[m[K’}
   81 |     using Base::operator[01;31m[K*=[m[K;
      |                         [01;31m[K^~[m[K
[01m[K/usr/include/eigen3/Eigen/src/Core/MatrixBase.h:82:25:[m[K [01;31m[Kerror: [m[Kno members matching ‘[01m[KEigen::MatrixBase<Eigen::Product<Eigen::Inverse<Eigen::Matrix<float, 2, 2> >, Eigen::Matrix<double, -1, 1>, 0> >::Base {aka Eigen::DenseBase<Eigen::Product<Eigen::Inverse<Eigen::Matrix<float, 2, 2> >, Eigen::Matrix<double, -1, 1>, 0> >}::operator/=[m[K’ in ‘[01m[KEigen::MatrixBase<Eigen::Product<Eigen::Inverse<Eigen::Matrix<float, 2, 2> >, Eigen::Matrix<double, -1, 1>, 0> >::Base[m[K’ {aka ‘[01m[Kclass Eigen::DenseBase<Eigen::Product<Eigen::Inverse<Eigen::Matrix<float, 2, 2> >, Eigen::Matrix<double, -1, 1>, 0> >[m[K’}
   82 |     using Base::operator[01;31m[K/=[m[K;
      |                         [01;31m[K^~[m[K
In file included from [01m[K/usr/include/eigen3/Eigen/Core:366[m[K,
                 from [01m[K/opt/ros/noetic/include/base_local_planner/latched_stop_rotate_controller.h:13[m[K,
                 from [01m[K/opt/ros/noetic/include/dwa_local_planner/dwa_planner_ros.h:54[m[K,
                 from [01m[K/home/rosario/Desktop/tesi/tesi_repo/src/traj_controller/src/controller.cpp:3[m[K:
/usr/include/eigen3/Eigen/src/Core/PlainObjectBase.h: In instantiation of ‘[01m[Kvoid Eigen::PlainObjectBase<Derived>::_init2(Eigen::Index, Eigen::Index, typename Eigen::internal::enable_if<(typename Eigen::internal::dense_xpr_base<Derived>::type::SizeAtCompileTime != 2), T0>::type*) [with T0 = float; T1 = float; Derived = Eigen::Matrix<double, -1, 1>; Eigen::Index = long int; typename Eigen::internal::enable_if<(typename Eigen::internal::dense_xpr_base<Derived>::type::SizeAtCompileTime != 2), T0>::type = float][m[K’:
[01m[K/usr/include/eigen3/Eigen/src/Core/Matrix.h:302:35:[m[K   required from ‘[01m[KEigen::Matrix<_Scalar, _Rows, _Cols, _Options, _MaxRows, _MaxCols>::Matrix(const T0&, const T1&) [with T0 = float; T1 = float; _Scalar = double; int _Rows = -1; int _Cols = 1; int _Options = 0; int _MaxRows = -1; int _MaxCols = 1][m[K’
[01m[K/home/rosario/Desktop/tesi/tesi_repo/src/traj_controller/src/controller.cpp:41:27:[m[K   required from here
[01m[K/usr/include/eigen3/Eigen/src/Core/PlainObjectBase.h:740:58:[m[K [01;31m[Kerror: [m[Kstatic assertion failed: FLOATING_POINT_ARGUMENT_PASSED__INTEGER_WAS_EXPECTED
  740 |       EIGEN_STATIC_ASSERT([01;31m[Kbool(NumTraits<T0>::IsInteger) &&[m[K
      |                           [01;31m[K~~~~~~~~~~~~~~~~~~~~~~~~~~~~~~~^~[m[K
  741 | [01;31m[K                          bool(NumTraits<T1>::IsInteger)[m[K,
      |                           [01;31m[K~~~~~~~~~~~~~~~~~~~~~~~~~~~~~~[m[K  
[01m[K/usr/include/eigen3/Eigen/src/Core/util/StaticAssert.h:33:54:[m[K [01;36m[Knote: [m[Kin definition of macro ‘[01m[KEIGEN_STATIC_ASSERT[m[K’
   33 |     #define EIGEN_STATIC_ASSERT(X,MSG) static_assert([01;36m[KX[m[K,#MSG);
      |                                                      [01;36m[K^[m[K
make[2]: *** [CMakeFiles/traj_controller_node.dir/build.make:63: CMakeFiles/traj_controller_node.dir/src/controller.cpp.o] Error 1
make[1]: *** [CMakeFiles/Makefile2:220: CMakeFiles/traj_controller_node.dir/all] Error 2
make: *** [Makefile:141: all] Error 2
