[01m[K/home/rosario/Desktop/tesi/tesi_repo/src/traj_controller/src/controller.cpp:[m[K In function ‘[01m[Kvoid computeB_des_traj(nav_msgs::Path)[m[K’:
[01m[K/home/rosario/Desktop/tesi/tesi_repo/src/traj_controller/src/controller.cpp:21:72:[m[K [01;31m[Kerror: [m[Kbase operand of ‘[01m[K->[m[K’ has non-pointer type ‘[01m[Knav_msgs::Path[m[K’ {aka ‘[01m[Knav_msgs::Path_<std::allocator<void> >[m[K’}
   21 |  for (std::vector<geometry_msgs::PoseStamped>::const_iterator it = path[01;31m[K->[m[Kposes.begin(); it != path->poses.end(); ++it)
      |                                                                        [01;31m[K^~[m[K
[01m[K/home/rosario/Desktop/tesi/tesi_repo/src/traj_controller/src/controller.cpp:21:99:[m[K [01;31m[Kerror: [m[Kbase operand of ‘[01m[K->[m[K’ has non-pointer type ‘[01m[Knav_msgs::Path[m[K’ {aka ‘[01m[Knav_msgs::Path_<std::allocator<void> >[m[K’}
   21 |  for (std::vector<geometry_msgs::PoseStamped>::const_iterator it = path->poses.begin(); it != path[01;31m[K->[m[Kposes.end(); ++it)
      |                                                                                                   [01;31m[K^~[m[K
[01m[K/home/rosario/Desktop/tesi/tesi_repo/src/traj_controller/src/controller.cpp:[m[K In function ‘[01m[Kgeometry_msgs::Twist computeVel(geometry_msgs::Point, geometry_msgs::Point, geometry_msgs::Point)[m[K’:
[01m[K/home/rosario/Desktop/tesi/tesi_repo/src/traj_controller/src/controller.cpp:30:15:[m[K [01;31m[Kerror: [m[Kbase operand of ‘[01m[K->[m[K’ has non-pointer type ‘[01m[Kgeometry_msgs::Point[m[K’ {aka ‘[01m[Kgeometry_msgs::Point_<std::allocator<void> >[m[K’}
   30 |  float theta=B[01;31m[K->[m[Kz;
      |               [01;31m[K^~[m[K
[01m[K/home/rosario/Desktop/tesi/tesi_repo/src/traj_controller/src/controller.cpp:31:19:[m[K [01;31m[Kerror: [m[Kbase operand of ‘[01m[K->[m[K’ has non-pointer type ‘[01m[Kgeometry_msgs::Point[m[K’ {aka ‘[01m[Kgeometry_msgs::Point_<std::allocator<void> >[m[K’}
   31 |  float y_1_d=B_des[01;31m[K->[m[Kx;
      |                   [01;31m[K^~[m[K
[01m[K/home/rosario/Desktop/tesi/tesi_repo/src/traj_controller/src/controller.cpp:32:19:[m[K [01;31m[Kerror: [m[Kbase operand of ‘[01m[K->[m[K’ has non-pointer type ‘[01m[Kgeometry_msgs::Point[m[K’ {aka ‘[01m[Kgeometry_msgs::Point_<std::allocator<void> >[m[K’}
   32 |  float y_2_d=B_des[01;31m[K->[m[Ky;
      |                   [01;31m[K^~[m[K
[01m[K/home/rosario/Desktop/tesi/tesi_repo/src/traj_controller/src/controller.cpp:34:13:[m[K [01;31m[Kerror: [m[Kbase operand of ‘[01m[K->[m[K’ has non-pointer type ‘[01m[Kgeometry_msgs::Point[m[K’ {aka ‘[01m[Kgeometry_msgs::Point_<std::allocator<void> >[m[K’}
   34 |  float y_1=B[01;31m[K->[m[Kx;
      |             [01;31m[K^~[m[K
[01m[K/home/rosario/Desktop/tesi/tesi_repo/src/traj_controller/src/controller.cpp:35:13:[m[K [01;31m[Kerror: [m[Kbase operand of ‘[01m[K->[m[K’ has non-pointer type ‘[01m[Kgeometry_msgs::Point[m[K’ {aka ‘[01m[Kgeometry_msgs::Point_<std::allocator<void> >[m[K’}
   35 |  float y_2=B[01;31m[K->[m[Ky;
      |             [01;31m[K^~[m[K
[01m[K/home/rosario/Desktop/tesi/tesi_repo/src/traj_controller/src/controller.cpp:38:36:[m[K [01;31m[Kerror: [m[Kbase operand of ‘[01m[K->[m[K’ has non-pointer type ‘[01m[Kgeometry_msgs::Point[m[K’ {aka ‘[01m[Kgeometry_msgs::Point_<std::allocator<void> >[m[K’}
   38 |  float u_1= 4*(y_1_d -y_1) + (B_des[01;31m[K->[m[Kx-B_des_old->x)/0.001;
      |                                    [01;31m[K^~[m[K
[01m[K/home/rosario/Desktop/tesi/tesi_repo/src/traj_controller/src/controller.cpp:38:49:[m[K [01;31m[Kerror: [m[Kbase operand of ‘[01m[K->[m[K’ has non-pointer type ‘[01m[Kgeometry_msgs::Point[m[K’ {aka ‘[01m[Kgeometry_msgs::Point_<std::allocator<void> >[m[K’}
   38 |  float u_1= 4*(y_1_d -y_1) + (B_des->x-B_des_old[01;31m[K->[m[Kx)/0.001;
      |                                                 [01;31m[K^~[m[K
[01m[K/home/rosario/Desktop/tesi/tesi_repo/src/traj_controller/src/controller.cpp:39:37:[m[K [01;31m[Kerror: [m[Kbase operand of ‘[01m[K->[m[K’ has non-pointer type ‘[01m[Kgeometry_msgs::Point[m[K’ {aka ‘[01m[Kgeometry_msgs::Point_<std::allocator<void> >[m[K’}
   39 |  float u_2= 10*(y_2_d -y_2) + (B_des[01;31m[K->[m[Ky-B_des_old->y)/0.001;
      |                                     [01;31m[K^~[m[K
[01m[K/home/rosario/Desktop/tesi/tesi_repo/src/traj_controller/src/controller.cpp:39:50:[m[K [01;31m[Kerror: [m[Kbase operand of ‘[01m[K->[m[K’ has non-pointer type ‘[01m[Kgeometry_msgs::Point[m[K’ {aka ‘[01m[Kgeometry_msgs::Point_<std::allocator<void> >[m[K’}
   39 |  float u_2= 10*(y_2_d -y_2) + (B_des->y-B_des_old[01;31m[K->[m[Ky)/0.001;
      |                                                  [01;31m[K^~[m[K
[01m[K/home/rosario/Desktop/tesi/tesi_repo/src/traj_controller/src/controller.cpp:44:15:[m[K [01;31m[Kerror: [m[Kbase operand of ‘[01m[K->[m[K’ has non-pointer type ‘[01m[Kgeometry_msgs::Point[m[K’ {aka ‘[01m[Kgeometry_msgs::Point_<std::allocator<void> >[m[K’}
   44 |  T(0,0)= cos(B[01;31m[K->[m[Kz);
      |               [01;31m[K^~[m[K
[01m[K/home/rosario/Desktop/tesi/tesi_repo/src/traj_controller/src/controller.cpp:45:20:[m[K [01;31m[Kerror: [m[Kbase operand of ‘[01m[K->[m[K’ has non-pointer type ‘[01m[Kgeometry_msgs::Point[m[K’ {aka ‘[01m[Kgeometry_msgs::Point_<std::allocator<void> >[m[K’}
   45 |  T(0,1)= -0.1*sin(B[01;31m[K->[m[Kz);
      |                    [01;31m[K^~[m[K
[01m[K/home/rosario/Desktop/tesi/tesi_repo/src/traj_controller/src/controller.cpp:46:16:[m[K [01;31m[Kerror: [m[Kbase operand of ‘[01m[K->[m[K’ has non-pointer type ‘[01m[Kgeometry_msgs::Point[m[K’ {aka ‘[01m[Kgeometry_msgs::Point_<std::allocator<void> >[m[K’}
   46 |  T(1,0)=  sin(B[01;31m[K->[m[Kz);
      |                [01;31m[K^~[m[K
[01m[K/home/rosario/Desktop/tesi/tesi_repo/src/traj_controller/src/controller.cpp:47:19:[m[K [01;31m[Kerror: [m[Kbase operand of ‘[01m[K->[m[K’ has non-pointer type ‘[01m[Kgeometry_msgs::Point[m[K’ {aka ‘[01m[Kgeometry_msgs::Point_<std::allocator<void> >[m[K’}
   47 |  T(1,1)= 0.1*cos(B[01;31m[K->[m[Kz);      // second row
      |                   [01;31m[K^~[m[K
In file included from [01m[K/usr/include/eigen3/Eigen/Core:366[m[K,
                 from [01m[K/opt/ros/noetic/include/base_local_planner/latched_stop_rotate_controller.h:13[m[K,
                 from [01m[K/opt/ros/noetic/include/dwa_local_planner/dwa_planner_ros.h:54[m[K,
                 from [01m[K/home/rosario/Desktop/tesi/tesi_repo/src/traj_controller/src/controller.cpp:3[m[K:
/usr/include/eigen3/Eigen/src/Core/PlainObjectBase.h: In instantiation of ‘[01m[Kvoid Eigen::PlainObjectBase<Derived>::_init2(Eigen::Index, Eigen::Index, typename Eigen::internal::enable_if<(typename Eigen::internal::dense_xpr_base<Derived>::type::SizeAtCompileTime != 2), T0>::type*) [with T0 = float; T1 = float; Derived = Eigen::Matrix<double, -1, 1>; Eigen::Index = long int; typename Eigen::internal::enable_if<(typename Eigen::internal::dense_xpr_base<Derived>::type::SizeAtCompileTime != 2), T0>::type = float][m[K’:
[01m[K/usr/include/eigen3/Eigen/src/Core/Matrix.h:302:35:[m[K   required from ‘[01m[KEigen::Matrix<_Scalar, _Rows, _Cols, _Options, _MaxRows, _MaxCols>::Matrix(const T0&, const T1&) [with T0 = float; T1 = float; _Scalar = double; int _Rows = -1; int _Cols = 1; int _Options = 0; int _MaxRows = -1; int _MaxCols = 1][m[K’
[01m[K/home/rosario/Desktop/tesi/tesi_repo/src/traj_controller/src/controller.cpp:41:27:[m[K   required from here
[01m[K/usr/include/eigen3/Eigen/src/Core/PlainObjectBase.h:740:58:[m[K [01;31m[Kerror: [m[Kstatic assertion failed: FLOATING_POINT_ARGUMENT_PASSED__INTEGER_WAS_EXPECTED
  740 |       EIGEN_STATIC_ASSERT([01;31m[Kbool(NumTraits<T0>::IsInteger) &&[m[K
      |                           [01;31m[K~~~~~~~~~~~~~~~~~~~~~~~~~~~~~~~^~[m[K
  741 | [01;31m[K                          bool(NumTraits<T1>::IsInteger)[m[K,
      |                           [01;31m[K~~~~~~~~~~~~~~~~~~~~~~~~~~~~~~[m[K  
[01m[K/usr/include/eigen3/Eigen/src/Core/util/StaticAssert.h:33:54:[m[K [01;36m[Knote: [m[Kin definition of macro ‘[01m[KEIGEN_STATIC_ASSERT[m[K’
   33 |     #define EIGEN_STATIC_ASSERT(X,MSG) static_assert([01;36m[KX[m[K,#MSG);
      |                                                      [01;36m[K^[m[K
make[2]: *** [CMakeFiles/traj_controller_node.dir/build.make:63: CMakeFiles/traj_controller_node.dir/src/controller.cpp.o] Error 1
make[1]: *** [CMakeFiles/Makefile2:220: CMakeFiles/traj_controller_node.dir/all] Error 2
make: *** [Makefile:141: all] Error 2
