Linked: (/home/rosario/Desktop/tesi/tesi_repo/devel/.private/turtlebot3_autorace_detect/share/turtlebot3_autorace_detect/docs/DetectLevelParamsConfig.dox, /home/rosario/Desktop/tesi/tesi_repo/devel/share/turtlebot3_autorace_detect/docs/DetectLevelParamsConfig.dox)
Linked: (/home/rosario/Desktop/tesi/tesi_repo/devel/.private/turtlebot3_autorace_detect/share/turtlebot3_autorace_detect/docs/DetectLaneParamsConfig.wikidoc, /home/rosario/Desktop/tesi/tesi_repo/devel/share/turtlebot3_autorace_detect/docs/DetectLaneParamsConfig.wikidoc)
Linked: (/home/rosario/Desktop/tesi/tesi_repo/devel/.private/turtlebot3_autorace_detect/share/turtlebot3_autorace_detect/docs/DetectTrafficLightParamsConfig.dox, /home/rosario/Desktop/tesi/tesi_repo/devel/share/turtlebot3_autorace_detect/docs/DetectTrafficLightParamsConfig.dox)
Linked: (/home/rosario/Desktop/tesi/tesi_repo/devel/.private/turtlebot3_autorace_detect/share/turtlebot3_autorace_detect/docs/DetectTrafficLightParamsConfig-usage.dox, /home/rosario/Desktop/tesi/tesi_repo/devel/share/turtlebot3_autorace_detect/docs/DetectTrafficLightParamsConfig-usage.dox)
Linked: (/home/rosario/Desktop/tesi/tesi_repo/devel/.private/turtlebot3_autorace_detect/share/turtlebot3_autorace_detect/docs/DetectTrafficLightParamsConfig.wikidoc, /home/rosario/Desktop/tesi/tesi_repo/devel/share/turtlebot3_autorace_detect/docs/DetectTrafficLightParamsConfig.wikidoc)
Linked: (/home/rosario/Desktop/tesi/tesi_repo/devel/.private/turtlebot3_autorace_detect/share/turtlebot3_autorace_detect/docs/DetectLevelParamsConfig-usage.dox, /home/rosario/Desktop/tesi/tesi_repo/devel/share/turtlebot3_autorace_detect/docs/DetectLevelParamsConfig-usage.dox)
Linked: (/home/rosario/Desktop/tesi/tesi_repo/devel/.private/turtlebot3_autorace_detect/share/turtlebot3_autorace_detect/docs/DetectLaneParamsConfig.dox, /home/rosario/Desktop/tesi/tesi_repo/devel/share/turtlebot3_autorace_detect/docs/DetectLaneParamsConfig.dox)
Linked: (/home/rosario/Desktop/tesi/tesi_repo/devel/.private/turtlebot3_autorace_detect/share/turtlebot3_autorace_detect/docs/DetectLaneParamsConfig-usage.dox, /home/rosario/Desktop/tesi/tesi_repo/devel/share/turtlebot3_autorace_detect/docs/DetectLaneParamsConfig-usage.dox)
Linked: (/home/rosario/Desktop/tesi/tesi_repo/devel/.private/turtlebot3_autorace_detect/share/turtlebot3_autorace_detect/docs/DetectLevelParamsConfig.wikidoc, /home/rosario/Desktop/tesi/tesi_repo/devel/share/turtlebot3_autorace_detect/docs/DetectLevelParamsConfig.wikidoc)
Linked: (/home/rosario/Desktop/tesi/tesi_repo/devel/.private/turtlebot3_autorace_detect/share/turtlebot3_autorace_detect/cmake/turtlebot3_autorace_detectConfig-version.cmake, /home/rosario/Desktop/tesi/tesi_repo/devel/share/turtlebot3_autorace_detect/cmake/turtlebot3_autorace_detectConfig-version.cmake)
Linked: (/home/rosario/Desktop/tesi/tesi_repo/devel/.private/turtlebot3_autorace_detect/share/turtlebot3_autorace_detect/cmake/turtlebot3_autorace_detectConfig.cmake, /home/rosario/Desktop/tesi/tesi_repo/devel/share/turtlebot3_autorace_detect/cmake/turtlebot3_autorace_detectConfig.cmake)
Linked: (/home/rosario/Desktop/tesi/tesi_repo/devel/.private/turtlebot3_autorace_detect/include/turtlebot3_autorace_detect/DetectLevelParamsConfig.h, /home/rosario/Desktop/tesi/tesi_repo/devel/include/turtlebot3_autorace_detect/DetectLevelParamsConfig.h)
Linked: (/home/rosario/Desktop/tesi/tesi_repo/devel/.private/turtlebot3_autorace_detect/include/turtlebot3_autorace_detect/DetectTrafficLightParamsConfig.h, /home/rosario/Desktop/tesi/tesi_repo/devel/include/turtlebot3_autorace_detect/DetectTrafficLightParamsConfig.h)
Linked: (/home/rosario/Desktop/tesi/tesi_repo/devel/.private/turtlebot3_autorace_detect/include/turtlebot3_autorace_detect/DetectLaneParamsConfig.h, /home/rosario/Desktop/tesi/tesi_repo/devel/include/turtlebot3_autorace_detect/DetectLaneParamsConfig.h)
Linked: (/home/rosario/Desktop/tesi/tesi_repo/devel/.private/turtlebot3_autorace_detect/lib/pkgconfig/turtlebot3_autorace_detect.pc, /home/rosario/Desktop/tesi/tesi_repo/devel/lib/pkgconfig/turtlebot3_autorace_detect.pc)
Linked: (/home/rosario/Desktop/tesi/tesi_repo/devel/.private/turtlebot3_autorace_detect/lib/python3/dist-packages/turtlebot3_autorace_detect/__init__.py, /home/rosario/Desktop/tesi/tesi_repo/devel/lib/python3/dist-packages/turtlebot3_autorace_detect/__init__.py)
Linked: (/home/rosario/Desktop/tesi/tesi_repo/devel/.private/turtlebot3_autorace_detect/lib/python3/dist-packages/turtlebot3_autorace_detect/cfg/__init__.py, /home/rosario/Desktop/tesi/tesi_repo/devel/lib/python3/dist-packages/turtlebot3_autorace_detect/cfg/__init__.py)
Linked: (/home/rosario/Desktop/tesi/tesi_repo/devel/.private/turtlebot3_autorace_detect/lib/python3/dist-packages/turtlebot3_autorace_detect/cfg/DetectLevelParamsConfig.py, /home/rosario/Desktop/tesi/tesi_repo/devel/lib/python3/dist-packages/turtlebot3_autorace_detect/cfg/DetectLevelParamsConfig.py)
Linked: (/home/rosario/Desktop/tesi/tesi_repo/devel/.private/turtlebot3_autorace_detect/lib/python3/dist-packages/turtlebot3_autorace_detect/cfg/DetectLaneParamsConfig.py, /home/rosario/Desktop/tesi/tesi_repo/devel/lib/python3/dist-packages/turtlebot3_autorace_detect/cfg/DetectLaneParamsConfig.py)
Linked: (/home/rosario/Desktop/tesi/tesi_repo/devel/.private/turtlebot3_autorace_detect/lib/python3/dist-packages/turtlebot3_autorace_detect/cfg/DetectTrafficLightParamsConfig.py, /home/rosario/Desktop/tesi/tesi_repo/devel/lib/python3/dist-packages/turtlebot3_autorace_detect/cfg/DetectTrafficLightParamsConfig.py)
Linked: (/home/rosario/Desktop/tesi/tesi_repo/devel/.private/turtlebot3_autorace_detect/lib/turtlebot3_autorace_detect/detect_construction, /home/rosario/Desktop/tesi/tesi_repo/devel/lib/turtlebot3_autorace_detect/detect_construction)
Linked: (/home/rosario/Desktop/tesi/tesi_repo/devel/.private/turtlebot3_autorace_detect/lib/turtlebot3_autorace_detect/detect_tunnel, /home/rosario/Desktop/tesi/tesi_repo/devel/lib/turtlebot3_autorace_detect/detect_tunnel)
Linked: (/home/rosario/Desktop/tesi/tesi_repo/devel/.private/turtlebot3_autorace_detect/lib/turtlebot3_autorace_detect/detect_intersection_sign, /home/rosario/Desktop/tesi/tesi_repo/devel/lib/turtlebot3_autorace_detect/detect_intersection_sign)
Linked: (/home/rosario/Desktop/tesi/tesi_repo/devel/.private/turtlebot3_autorace_detect/lib/turtlebot3_autorace_detect/detect_tunnel_sign, /home/rosario/Desktop/tesi/tesi_repo/devel/lib/turtlebot3_autorace_detect/detect_tunnel_sign)
Linked: (/home/rosario/Desktop/tesi/tesi_repo/devel/.private/turtlebot3_autorace_detect/lib/turtlebot3_autorace_detect/detect_traffic_light, /home/rosario/Desktop/tesi/tesi_repo/devel/lib/turtlebot3_autorace_detect/detect_traffic_light)
Linked: (/home/rosario/Desktop/tesi/tesi_repo/devel/.private/turtlebot3_autorace_detect/lib/turtlebot3_autorace_detect/detect_intersection, /home/rosario/Desktop/tesi/tesi_repo/devel/lib/turtlebot3_autorace_detect/detect_intersection)
Linked: (/home/rosario/Desktop/tesi/tesi_repo/devel/.private/turtlebot3_autorace_detect/lib/turtlebot3_autorace_detect/detect_lane, /home/rosario/Desktop/tesi/tesi_repo/devel/lib/turtlebot3_autorace_detect/detect_lane)
Linked: (/home/rosario/Desktop/tesi/tesi_repo/devel/.private/turtlebot3_autorace_detect/lib/turtlebot3_autorace_detect/detect_construction_sign, /home/rosario/Desktop/tesi/tesi_repo/devel/lib/turtlebot3_autorace_detect/detect_construction_sign)
Linked: (/home/rosario/Desktop/tesi/tesi_repo/devel/.private/turtlebot3_autorace_detect/lib/turtlebot3_autorace_detect/detect_level_crossing, /home/rosario/Desktop/tesi/tesi_repo/devel/lib/turtlebot3_autorace_detect/detect_level_crossing)
Linked: (/home/rosario/Desktop/tesi/tesi_repo/devel/.private/turtlebot3_autorace_detect/lib/turtlebot3_autorace_detect/detect_level_crossing_sign, /home/rosario/Desktop/tesi/tesi_repo/devel/lib/turtlebot3_autorace_detect/detect_level_crossing_sign)
Linked: (/home/rosario/Desktop/tesi/tesi_repo/devel/.private/turtlebot3_autorace_detect/lib/turtlebot3_autorace_detect/detect_parking_sign, /home/rosario/Desktop/tesi/tesi_repo/devel/lib/turtlebot3_autorace_detect/detect_parking_sign)
Linked: (/home/rosario/Desktop/tesi/tesi_repo/devel/.private/turtlebot3_autorace_detect/lib/turtlebot3_autorace_detect/cmake.lock, /home/rosario/Desktop/tesi/tesi_repo/devel/lib/turtlebot3_autorace_detect/cmake.lock)
Linked: (/home/rosario/Desktop/tesi/tesi_repo/devel/.private/turtlebot3_autorace_detect/lib/turtlebot3_autorace_detect/detect_parking, /home/rosario/Desktop/tesi/tesi_repo/devel/lib/turtlebot3_autorace_detect/detect_parking)
